  File "/home/rbf070962/github-webhooks/webhooks.py", line 18
    if __name__ = '__mani__':
                ^
SyntaxError: invalid syntax
  File "/home/rbf070962/github-webhooks/webhooks.py", line 18
    if __name__ = '__mani__':
                ^
SyntaxError: invalid syntax
  File "/home/rbf070962/github-webhooks/webhooks.py", line 18
    if __name__ = '__mani__':
                ^
SyntaxError: invalid syntax
  File "/home/rbf070962/github-webhooks/webhooks.py", line 18
    if __name__ = '__mani__':
                ^
SyntaxError: invalid syntax
  File "/home/rbf070962/github-webhooks/webhooks.py", line 18
    if __name__ = '__mani__':
                ^
SyntaxError: invalid syntax
  File "/home/rbf070962/github-webhooks/webhooks.py", line 18
    if __name__ = '__mani__':
                ^
SyntaxError: invalid syntax
  File "/home/rbf070962/github-webhooks/webhooks.py", line 18
    if __name__ = '__mani__':
                ^
SyntaxError: invalid syntax
  File "/home/rbf070962/github-webhooks/webhooks.py", line 18
    if __name__ = '__mani__':
                ^
SyntaxError: invalid syntax
  File "/home/rbf070962/github-webhooks/webhooks.py", line 18
    if __name__ = '__mani__':
                ^
SyntaxError: invalid syntax
  File "/home/rbf070962/github-webhooks/webhooks.py", line 18
    if __name__ = '__mani__':
                ^
SyntaxError: invalid syntax
  File "/home/rbf070962/github-webhooks/webhooks.py", line 18
    if __name__ = '__mani__':
                ^
SyntaxError: invalid syntax
  File "/home/rbf070962/github-webhooks/webhooks.py", line 18
    if __name__ = '__mani__':
                ^
SyntaxError: invalid syntax
  File "/home/rbf070962/github-webhooks/webhooks.py", line 18
    if __name__ = '__mani__':
                ^
SyntaxError: invalid syntax
  File "/home/rbf070962/github-webhooks/webhooks.py", line 18
    if __name__ = '__mani__':
                ^
SyntaxError: invalid syntax
  File "/home/rbf070962/github-webhooks/webhooks.py", line 18
    if __name__ = '__mani__':
                ^
SyntaxError: invalid syntax
  File "/home/rbf070962/github-webhooks/webhooks.py", line 18
    if __name__ = '__mani__':
                ^
SyntaxError: invalid syntax
  File "/home/rbf070962/github-webhooks/webhooks.py", line 18
    if __name__ = '__mani__':
                ^
SyntaxError: invalid syntax
  File "/home/rbf070962/github-webhooks/webhooks.py", line 18
    if __name__ = '__mani__':
                ^
SyntaxError: invalid syntax
  File "/home/rbf070962/github-webhooks/webhooks.py", line 18
    if __name__ = '__mani__':
                ^
SyntaxError: invalid syntax
  File "/home/rbf070962/github-webhooks/webhooks.py", line 18
    if __name__ = '__mani__':
                ^
SyntaxError: invalid syntax
  File "/home/rbf070962/github-webhooks/webhooks.py", line 18
    if __name__ = '__mani__':
                ^
SyntaxError: invalid syntax
  File "/home/rbf070962/github-webhooks/webhooks.py", line 18
    if __name__ = '__mani__':
                ^
SyntaxError: invalid syntax
  File "/home/rbf070962/github-webhooks/webhooks.py", line 18
    if __name__ = '__mani__':
                ^
SyntaxError: invalid syntax
  File "/home/rbf070962/github-webhooks/webhooks.py", line 18
    if __name__ = '__mani__':
                ^
SyntaxError: invalid syntax
  File "/home/rbf070962/github-webhooks/webhooks.py", line 18
    if __name__ = '__mani__':
                ^
SyntaxError: invalid syntax
  File "/home/rbf070962/github-webhooks/webhooks.py", line 18
    if __name__ = '__mani__':
                ^
SyntaxError: invalid syntax
  File "/home/rbf070962/github-webhooks/webhooks.py", line 18
    if __name__ = '__mani__':
                ^
SyntaxError: invalid syntax
  File "/home/rbf070962/github-webhooks/webhooks.py", line 18
    if __name__ = '__mani__':
                ^
SyntaxError: invalid syntax
  File "/home/rbf070962/github-webhooks/webhooks.py", line 18
    if __name__ = '__mani__':
                ^
SyntaxError: invalid syntax
  File "/home/rbf070962/github-webhooks/webhooks.py", line 18
    if __name__ = '__mani__':
                ^
SyntaxError: invalid syntax
  File "/home/rbf070962/github-webhooks/webhooks.py", line 18
    if __name__ = '__mani__':
                ^
SyntaxError: invalid syntax
  File "/home/rbf070962/github-webhooks/webhooks.py", line 18
    if __name__ = '__mani__':
                ^
SyntaxError: invalid syntax
  File "/home/rbf070962/github-webhooks/webhooks.py", line 18
    if __name__ = '__mani__':
                ^
SyntaxError: invalid syntax
  File "/home/rbf070962/github-webhooks/webhooks.py", line 18
    if __name__ = '__mani__':
                ^
SyntaxError: invalid syntax
  File "/home/rbf070962/github-webhooks/webhooks.py", line 18
    if __name__ = '__mani__':
                ^
SyntaxError: invalid syntax
  File "/home/rbf070962/github-webhooks/webhooks.py", line 18
    if __name__ = '__mani__':
                ^
SyntaxError: invalid syntax
  File "/home/rbf070962/github-webhooks/webhooks.py", line 18
    if __name__ = '__mani__':
                ^
SyntaxError: invalid syntax
  File "/home/rbf070962/github-webhooks/webhooks.py", line 18
    if __name__ = '__mani__':
                ^
SyntaxError: invalid syntax
  File "/home/rbf070962/github-webhooks/webhooks.py", line 18
    if __name__ = '__mani__':
                ^
SyntaxError: invalid syntax
  File "/home/rbf070962/github-webhooks/webhooks.py", line 18
    if __name__ = '__mani__':
                ^
SyntaxError: invalid syntax
  File "/home/rbf070962/github-webhooks/webhooks.py", line 18
    if __name__ = '__mani__':
                ^
SyntaxError: invalid syntax
  File "/home/rbf070962/github-webhooks/webhooks.py", line 18
    if __name__ = '__mani__':
                ^
SyntaxError: invalid syntax
  File "/home/rbf070962/github-webhooks/webhooks.py", line 18
    if __name__ = '__mani__':
                ^
SyntaxError: invalid syntax
  File "/home/rbf070962/github-webhooks/webhooks.py", line 18
    if __name__ = '__mani__':
                ^
SyntaxError: invalid syntax
  File "/home/rbf070962/github-webhooks/webhooks.py", line 18
    if __name__ = '__mani__':
                ^
SyntaxError: invalid syntax
  File "/home/rbf070962/github-webhooks/webhooks.py", line 18
    if __name__ = '__mani__':
                ^
SyntaxError: invalid syntax
  File "/home/rbf070962/github-webhooks/webhooks.py", line 18
    if __name__ = '__mani__':
                ^
SyntaxError: invalid syntax
  File "/home/rbf070962/github-webhooks/webhooks.py", line 18
    if __name__ = '__mani__':
                ^
SyntaxError: invalid syntax
Traceback (most recent call last):
  File "/home/rbf070962/github-webhooks/webhooks.py", line 2, in <module>
    from flask_result import Resource, Api
ModuleNotFoundError: No module named 'flask_result'
Traceback (most recent call last):
  File "/home/rbf070962/github-webhooks/webhooks.py", line 2, in <module>
    from flask_result import Resource, Api
ModuleNotFoundError: No module named 'flask_result'
Traceback (most recent call last):
  File "/home/rbf070962/github-webhooks/webhooks.py", line 2, in <module>
    from flask_result import Resource, Api
ModuleNotFoundError: No module named 'flask_result'
Traceback (most recent call last):
  File "/home/rbf070962/github-webhooks/webhooks.py", line 2, in <module>
    from flask_result import Resource, Api
ModuleNotFoundError: No module named 'flask_result'
Traceback (most recent call last):
  File "/home/rbf070962/github-webhooks/webhooks.py", line 2, in <module>
    from flask_result import Resource, Api
ModuleNotFoundError: No module named 'flask_result'
Traceback (most recent call last):
  File "/home/rbf070962/github-webhooks/webhooks.py", line 2, in <module>
    from flask_result import Resource, Api
ModuleNotFoundError: No module named 'flask_result'
Traceback (most recent call last):
  File "/home/rbf070962/github-webhooks/webhooks.py", line 2, in <module>
    from flask_result import Resource, Api
ModuleNotFoundError: No module named 'flask_result'
Traceback (most recent call last):
  File "/home/rbf070962/github-webhooks/webhooks.py", line 2, in <module>
    from flask_result import Resource, Api
ModuleNotFoundError: No module named 'flask_result'
Traceback (most recent call last):
  File "/home/rbf070962/github-webhooks/webhooks.py", line 2, in <module>
    from flask_result import Resource, Api
ModuleNotFoundError: No module named 'flask_result'
Traceback (most recent call last):
  File "/home/rbf070962/github-webhooks/webhooks.py", line 2, in <module>
    from flask_result import Resource, Api
ModuleNotFoundError: No module named 'flask_result'
Traceback (most recent call last):
  File "/home/rbf070962/github-webhooks/webhooks.py", line 2, in <module>
    from flask_result import Resource, Api
ModuleNotFoundError: No module named 'flask_result'
Traceback (most recent call last):
  File "/home/rbf070962/github-webhooks/webhooks.py", line 2, in <module>
    from flask_result import Resource, Api
ModuleNotFoundError: No module named 'flask_result'
Traceback (most recent call last):
  File "/home/rbf070962/github-webhooks/webhooks.py", line 2, in <module>
    from flask_result import Resource, Api
ModuleNotFoundError: No module named 'flask_result'
Traceback (most recent call last):
  File "/home/rbf070962/github-webhooks/webhooks.py", line 2, in <module>
    from flask_result import Resource, Api
ModuleNotFoundError: No module named 'flask_result'
Traceback (most recent call last):
  File "/home/rbf070962/github-webhooks/webhooks.py", line 2, in <module>
    from flask_result import Resource, Api
ModuleNotFoundError: No module named 'flask_result'
Traceback (most recent call last):
  File "/home/rbf070962/github-webhooks/webhooks.py", line 2, in <module>
    from flask_result import Resource, Api
ModuleNotFoundError: No module named 'flask_result'
Traceback (most recent call last):
  File "/home/rbf070962/github-webhooks/webhooks.py", line 2, in <module>
    from flask_result import Resource, Api
ModuleNotFoundError: No module named 'flask_result'
Traceback (most recent call last):
  File "/home/rbf070962/github-webhooks/webhooks.py", line 2, in <module>
    from flask_result import Resource, Api
ModuleNotFoundError: No module named 'flask_result'
Traceback (most recent call last):
  File "/home/rbf070962/github-webhooks/webhooks.py", line 2, in <module>
    from flask_result import Resource, Api
ModuleNotFoundError: No module named 'flask_result'
Traceback (most recent call last):
  File "/home/rbf070962/github-webhooks/webhooks.py", line 2, in <module>
    from flask_result import Resource, Api
ModuleNotFoundError: No module named 'flask_result'
Traceback (most recent call last):
  File "/home/rbf070962/github-webhooks/webhooks.py", line 2, in <module>
    from flask_result import Resource, Api
ModuleNotFoundError: No module named 'flask_result'
Traceback (most recent call last):
  File "/home/rbf070962/github-webhooks/webhooks.py", line 2, in <module>
    from flask_result import Resource, Api
ModuleNotFoundError: No module named 'flask_result'
Traceback (most recent call last):
  File "/home/rbf070962/github-webhooks/webhooks.py", line 2, in <module>
    from flask_result import Resource, Api
ModuleNotFoundError: No module named 'flask_result'
Traceback (most recent call last):
  File "/home/rbf070962/github-webhooks/webhooks.py", line 2, in <module>
    from flask_result import Resource, Api
ModuleNotFoundError: No module named 'flask_result'
Traceback (most recent call last):
  File "/home/rbf070962/github-webhooks/webhooks.py", line 2, in <module>
    from flask_result import Resource, Api
ModuleNotFoundError: No module named 'flask_result'
Traceback (most recent call last):
  File "/home/rbf070962/github-webhooks/webhooks.py", line 2, in <module>
    from flask_result import Resource, Api
ModuleNotFoundError: No module named 'flask_result'
Traceback (most recent call last):
  File "/home/rbf070962/github-webhooks/webhooks.py", line 2, in <module>
    from flask_result import Resource, Api
ModuleNotFoundError: No module named 'flask_result'
Traceback (most recent call last):
  File "/home/rbf070962/github-webhooks/webhooks.py", line 2, in <module>
    from flask_result import Resource, Api
ModuleNotFoundError: No module named 'flask_result'
Traceback (most recent call last):
  File "/home/rbf070962/github-webhooks/webhooks.py", line 2, in <module>
    from flask_result import Resource, Api
ModuleNotFoundError: No module named 'flask_result'
Traceback (most recent call last):
  File "/home/rbf070962/github-webhooks/webhooks.py", line 2, in <module>
    from flask_result import Resource, Api
ModuleNotFoundError: No module named 'flask_result'
Traceback (most recent call last):
  File "/home/rbf070962/github-webhooks/webhooks.py", line 2, in <module>
    from flask_result import Resource, Api
ModuleNotFoundError: No module named 'flask_result'
Traceback (most recent call last):
  File "/home/rbf070962/github-webhooks/webhooks.py", line 2, in <module>
    from flask_result import Resource, Api
ModuleNotFoundError: No module named 'flask_result'
Traceback (most recent call last):
  File "/home/rbf070962/github-webhooks/webhooks.py", line 2, in <module>
    from flask_result import Resource, Api
ModuleNotFoundError: No module named 'flask_result'
Traceback (most recent call last):
  File "/home/rbf070962/github-webhooks/webhooks.py", line 2, in <module>
    from flask_result import Resource, Api
ModuleNotFoundError: No module named 'flask_result'
Traceback (most recent call last):
  File "/home/rbf070962/github-webhooks/webhooks.py", line 2, in <module>
    from flask_result import Resource, Api
ModuleNotFoundError: No module named 'flask_result'
Traceback (most recent call last):
  File "/home/rbf070962/github-webhooks/webhooks.py", line 2, in <module>
    from flask_result import Resource, Api
ModuleNotFoundError: No module named 'flask_result'
Traceback (most recent call last):
  File "/home/rbf070962/github-webhooks/webhooks.py", line 2, in <module>
    from flask_result import Resource, Api
ModuleNotFoundError: No module named 'flask_result'
Traceback (most recent call last):
  File "/home/rbf070962/github-webhooks/webhooks.py", line 2, in <module>
    from flask_result import Resource, Api
ModuleNotFoundError: No module named 'flask_result'
Traceback (most recent call last):
  File "/home/rbf070962/github-webhooks/webhooks.py", line 2, in <module>
    from flask_result import Resource, Api
ModuleNotFoundError: No module named 'flask_result'
Traceback (most recent call last):
  File "/home/rbf070962/github-webhooks/webhooks.py", line 2, in <module>
    from flask_result import Resource, Api
ModuleNotFoundError: No module named 'flask_result'
Traceback (most recent call last):
  File "/home/rbf070962/github-webhooks/webhooks.py", line 2, in <module>
    from flask_result import Resource, Api
ModuleNotFoundError: No module named 'flask_result'
Traceback (most recent call last):
  File "/home/rbf070962/github-webhooks/webhooks.py", line 2, in <module>
    from flask_result import Resource, Api
ModuleNotFoundError: No module named 'flask_result'
Traceback (most recent call last):
  File "/home/rbf070962/github-webhooks/webhooks.py", line 2, in <module>
    from flask_result import Resource, Api
ModuleNotFoundError: No module named 'flask_result'
Traceback (most recent call last):
  File "/home/rbf070962/github-webhooks/webhooks.py", line 2, in <module>
    from flask_result import Resource, Api
ModuleNotFoundError: No module named 'flask_result'
Traceback (most recent call last):
  File "/home/rbf070962/github-webhooks/webhooks.py", line 2, in <module>
    from flask_result import Resource, Api
ModuleNotFoundError: No module named 'flask_result'
Traceback (most recent call last):
  File "/home/rbf070962/github-webhooks/webhooks.py", line 2, in <module>
    from flask_result import Resource, Api
ModuleNotFoundError: No module named 'flask_result'
Traceback (most recent call last):
  File "/home/rbf070962/github-webhooks/webhooks.py", line 2, in <module>
    from flask_result import Resource, Api
ModuleNotFoundError: No module named 'flask_result'
Traceback (most recent call last):
  File "/home/rbf070962/github-webhooks/webhooks.py", line 2, in <module>
    from flask_result import Resource, Api
ModuleNotFoundError: No module named 'flask_result'
Traceback (most recent call last):
  File "/home/rbf070962/github-webhooks/webhooks.py", line 2, in <module>
    from flask_result import Resource, Api
ModuleNotFoundError: No module named 'flask_result'
Traceback (most recent call last):
  File "/home/rbf070962/github-webhooks/webhooks.py", line 2, in <module>
    from flask_result import Resource, Api
ModuleNotFoundError: No module named 'flask_result'
Traceback (most recent call last):
  File "/home/rbf070962/github-webhooks/webhooks.py", line 2, in <module>
    from flask_result import Resource, Api
ModuleNotFoundError: No module named 'flask_result'
Traceback (most recent call last):
  File "/home/rbf070962/github-webhooks/webhooks.py", line 2, in <module>
    from flask_result import Resource, Api
ModuleNotFoundError: No module named 'flask_result'
Traceback (most recent call last):
  File "/home/rbf070962/github-webhooks/webhooks.py", line 2, in <module>
    from flask_result import Resource, Api
ModuleNotFoundError: No module named 'flask_result'
Traceback (most recent call last):
  File "/home/rbf070962/github-webhooks/webhooks.py", line 2, in <module>
    from flask_result import Resource, Api
ModuleNotFoundError: No module named 'flask_result'
Traceback (most recent call last):
  File "/home/rbf070962/github-webhooks/webhooks.py", line 2, in <module>
    from flask_result import Resource, Api
ModuleNotFoundError: No module named 'flask_result'
Traceback (most recent call last):
  File "/home/rbf070962/github-webhooks/webhooks.py", line 2, in <module>
    from flask_result import Resource, Api
ModuleNotFoundError: No module named 'flask_result'
Traceback (most recent call last):
  File "/home/rbf070962/github-webhooks/webhooks.py", line 2, in <module>
    from flask_result import Resource, Api
ModuleNotFoundError: No module named 'flask_result'
Traceback (most recent call last):
  File "/home/rbf070962/github-webhooks/webhooks.py", line 2, in <module>
    from flask_result import Resource, Api
ModuleNotFoundError: No module named 'flask_result'
Traceback (most recent call last):
  File "/home/rbf070962/github-webhooks/webhooks.py", line 2, in <module>
    from flask_result import Resource, Api
ModuleNotFoundError: No module named 'flask_result'
Traceback (most recent call last):
  File "/home/rbf070962/github-webhooks/webhooks.py", line 2, in <module>
    from flask_result import Resource, Api
ModuleNotFoundError: No module named 'flask_result'
Traceback (most recent call last):
  File "/home/rbf070962/github-webhooks/webhooks.py", line 2, in <module>
    from flask_result import Resource, Api
ModuleNotFoundError: No module named 'flask_result'
Traceback (most recent call last):
  File "/home/rbf070962/github-webhooks/webhooks.py", line 2, in <module>
    from flask_result import Resource, Api
ModuleNotFoundError: No module named 'flask_result'
Traceback (most recent call last):
  File "/home/rbf070962/github-webhooks/webhooks.py", line 2, in <module>
    from flask_result import Resource, Api
ModuleNotFoundError: No module named 'flask_result'
Traceback (most recent call last):
  File "/home/rbf070962/github-webhooks/webhooks.py", line 2, in <module>
    from flask_result import Resource, Api
ModuleNotFoundError: No module named 'flask_result'
Traceback (most recent call last):
  File "/home/rbf070962/github-webhooks/webhooks.py", line 2, in <module>
    from flask_result import Resource, Api
ModuleNotFoundError: No module named 'flask_result'
Traceback (most recent call last):
  File "/home/rbf070962/github-webhooks/webhooks.py", line 2, in <module>
    from flask_result import Resource, Api
ModuleNotFoundError: No module named 'flask_result'
Traceback (most recent call last):
  File "/home/rbf070962/github-webhooks/webhooks.py", line 2, in <module>
    from flask_result import Resource, Api
ModuleNotFoundError: No module named 'flask_result'
Traceback (most recent call last):
  File "/home/rbf070962/github-webhooks/webhooks.py", line 2, in <module>
    from flask_result import Resource, Api
ModuleNotFoundError: No module named 'flask_result'
Traceback (most recent call last):
  File "/home/rbf070962/github-webhooks/webhooks.py", line 2, in <module>
    from flask_result import Resource, Api
ModuleNotFoundError: No module named 'flask_result'
Traceback (most recent call last):
  File "/home/rbf070962/github-webhooks/webhooks.py", line 2, in <module>
    from flask_result import Resource, Api
ModuleNotFoundError: No module named 'flask_result'
Traceback (most recent call last):
  File "/home/rbf070962/github-webhooks/webhooks.py", line 2, in <module>
    from flask_result import Resource, Api
ModuleNotFoundError: No module named 'flask_result'
Traceback (most recent call last):
  File "/home/rbf070962/github-webhooks/webhooks.py", line 2, in <module>
    from flask_result import Resource, Api
ModuleNotFoundError: No module named 'flask_result'
Traceback (most recent call last):
  File "/home/rbf070962/github-webhooks/webhooks.py", line 2, in <module>
    from flask_result import Resource, Api
ModuleNotFoundError: No module named 'flask_result'
Traceback (most recent call last):
  File "/home/rbf070962/github-webhooks/webhooks.py", line 2, in <module>
    from flask_result import Resource, Api
ModuleNotFoundError: No module named 'flask_result'
Traceback (most recent call last):
  File "/home/rbf070962/github-webhooks/webhooks.py", line 2, in <module>
    from flask_result import Resource, Api
ModuleNotFoundError: No module named 'flask_result'
Traceback (most recent call last):
  File "/home/rbf070962/github-webhooks/webhooks.py", line 2, in <module>
    from flask_result import Resource, Api
ModuleNotFoundError: No module named 'flask_result'
Traceback (most recent call last):
  File "/home/rbf070962/github-webhooks/webhooks.py", line 2, in <module>
    from flask_result import Resource, Api
ModuleNotFoundError: No module named 'flask_result'
Traceback (most recent call last):
  File "/home/rbf070962/github-webhooks/webhooks.py", line 2, in <module>
    from flask_result import Resource, Api
ModuleNotFoundError: No module named 'flask_result'
Traceback (most recent call last):
  File "/home/rbf070962/github-webhooks/webhooks.py", line 2, in <module>
    from flask_result import Resource, Api
ModuleNotFoundError: No module named 'flask_result'
Traceback (most recent call last):
  File "/home/rbf070962/github-webhooks/webhooks.py", line 2, in <module>
    from flask_result import Resource, Api
ModuleNotFoundError: No module named 'flask_result'
[31m[1mWARNING: This is a development server. Do not use it in a production deployment. Use a production WSGI server instead.[0m
 * Running on all addresses (0.0.0.0)
 * Running on http://127.0.0.1:5000
 * Running on http://10.178.0.4:5000
[33mPress CTRL+C to quit[0m
 * Restarting with stat
 * Debugger is active!
 * Debugger PIN: 723-460-797
[31m[1mWARNING: This is a development server. Do not use it in a production deployment. Use a production WSGI server instead.[0m
 * Running on all addresses (0.0.0.0)
 * Running on http://127.0.0.1:5000
 * Running on http://10.178.0.4:5000
[33mPress CTRL+C to quit[0m
 * Restarting with stat
 * Debugger is active!
 * Debugger PIN: 723-460-797
Address already in use
Port 5000 is in use by another program. Either identify and stop that program, or start the server with a different port.
Address already in use
Port 5000 is in use by another program. Either identify and stop that program, or start the server with a different port.
Address already in use
Port 5000 is in use by another program. Either identify and stop that program, or start the server with a different port.
Address already in use
Port 5000 is in use by another program. Either identify and stop that program, or start the server with a different port.
Address already in use
Port 5000 is in use by another program. Either identify and stop that program, or start the server with a different port.
Address already in use
Port 5000 is in use by another program. Either identify and stop that program, or start the server with a different port.
Address already in use
Port 5000 is in use by another program. Either identify and stop that program, or start the server with a different port.
Address already in use
Port 5000 is in use by another program. Either identify and stop that program, or start the server with a different port.
Address already in use
Port 5000 is in use by another program. Either identify and stop that program, or start the server with a different port.
Address already in use
Port 5000 is in use by another program. Either identify and stop that program, or start the server with a different port.
Address already in use
Port 5000 is in use by another program. Either identify and stop that program, or start the server with a different port.
Address already in use
Port 5000 is in use by another program. Either identify and stop that program, or start the server with a different port.
Address already in use
Port 5000 is in use by another program. Either identify and stop that program, or start the server with a different port.
Address already in use
Port 5000 is in use by another program. Either identify and stop that program, or start the server with a different port.
Address already in use
Port 5000 is in use by another program. Either identify and stop that program, or start the server with a different port.
Address already in use
Port 5000 is in use by another program. Either identify and stop that program, or start the server with a different port.
[31m[1mWARNING: This is a development server. Do not use it in a production deployment. Use a production WSGI server instead.[0m
 * Running on all addresses (0.0.0.0)
 * Running on http://127.0.0.1:5000
 * Running on http://10.178.0.4:5000
[33mPress CTRL+C to quit[0m
 * Restarting with stat
 * Debugger is active!
 * Debugger PIN: 723-460-797
[31m[1mWARNING: This is a development server. Do not use it in a production deployment. Use a production WSGI server instead.[0m
 * Running on all addresses (0.0.0.0)
 * Running on http://127.0.0.1:5000
 * Running on http://10.178.0.4:5000
[33mPress CTRL+C to quit[0m
 * Restarting with stat
 * Debugger is active!
 * Debugger PIN: 723-460-797
[31m[1mWARNING: This is a development server. Do not use it in a production deployment. Use a production WSGI server instead.[0m
 * Running on all addresses (0.0.0.0)
 * Running on http://127.0.0.1:5000
 * Running on http://10.178.0.4:5000
[33mPress CTRL+C to quit[0m
 * Restarting with stat
 * Debugger is active!
 * Debugger PIN: 723-460-797
