2023-11-12T12:48:50: PM2 log: ===============================================================================
2023-11-12T12:48:50: PM2 log: --- New PM2 Daemon started ----------------------------------------------------
2023-11-12T12:48:50: PM2 log: Time                 : Sun Nov 12 2023 12:48:50 GMT+0000 (Coordinated Universal Time)
2023-11-12T12:48:50: PM2 log: PM2 version          : 5.3.0
2023-11-12T12:48:50: PM2 log: Node.js version      : 12.22.12
2023-11-12T12:48:50: PM2 log: Current arch         : x64
2023-11-12T12:48:50: PM2 log: PM2 home             : /home/rbf070962/.pm2
2023-11-12T12:48:50: PM2 log: PM2 PID file         : /home/rbf070962/.pm2/pm2.pid
2023-11-12T12:48:50: PM2 log: RPC socket file      : /home/rbf070962/.pm2/rpc.sock
2023-11-12T12:48:50: PM2 log: BUS socket file      : /home/rbf070962/.pm2/pub.sock
2023-11-12T12:48:50: PM2 log: Application log path : /home/rbf070962/.pm2/logs
2023-11-12T12:48:50: PM2 log: Worker Interval      : 30000
2023-11-12T12:48:50: PM2 log: Process dump file    : /home/rbf070962/.pm2/dump.pm2
2023-11-12T12:48:50: PM2 log: Concurrent actions   : 2
2023-11-12T12:48:50: PM2 log: SIGTERM timeout      : 1600
2023-11-12T12:48:50: PM2 log: ===============================================================================
2023-11-12T13:02:46: PM2 log: [Watch] Start watching webhooks
2023-11-12T13:02:46: PM2 log: App [webhooks:0] starting in -fork mode-
2023-11-12T13:02:46: PM2 log: App [webhooks:0] online
2023-11-12T13:02:47: PM2 log: App [webhooks:0] exited with code [1] via signal [SIGINT]
2023-11-12T13:02:47: PM2 log: App [webhooks:0] starting in -fork mode-
2023-11-12T13:02:47: PM2 error: Cancelling versioning data parsing
2023-11-12T13:02:47: PM2 log: App [webhooks:0] online
2023-11-12T13:02:47: PM2 error: Error caught while calling pidusage
2023-11-12T13:02:47: PM2 error: Error: No matching pid found
2023-11-12T13:02:47: PM2 log: App [webhooks:0] exited with code [1] via signal [SIGINT]
2023-11-12T13:02:47: PM2 log: App [webhooks:0] starting in -fork mode-
2023-11-12T13:02:47: PM2 log: App [webhooks:0] online
2023-11-12T13:02:47: PM2 log: App [webhooks:0] exited with code [1] via signal [SIGINT]
2023-11-12T13:02:47: PM2 log: App [webhooks:0] starting in -fork mode-
2023-11-12T13:02:47: PM2 log: App [webhooks:0] online
2023-11-12T13:02:47: PM2 log: App [webhooks:0] exited with code [1] via signal [SIGINT]
2023-11-12T13:02:47: PM2 log: App [webhooks:0] starting in -fork mode-
2023-11-12T13:02:47: PM2 log: App [webhooks:0] online
2023-11-12T13:02:47: PM2 log: App [webhooks:0] exited with code [1] via signal [SIGINT]
2023-11-12T13:02:47: PM2 log: App [webhooks:0] starting in -fork mode-
2023-11-12T13:02:47: PM2 log: App [webhooks:0] online
2023-11-12T13:02:47: PM2 log: App [webhooks:0] exited with code [1] via signal [SIGINT]
2023-11-12T13:02:47: PM2 log: App [webhooks:0] starting in -fork mode-
2023-11-12T13:02:47: PM2 log: App [webhooks:0] online
2023-11-12T13:02:47: PM2 log: App [webhooks:0] exited with code [1] via signal [SIGINT]
2023-11-12T13:02:47: PM2 log: App [webhooks:0] starting in -fork mode-
2023-11-12T13:02:47: PM2 log: App [webhooks:0] online
2023-11-12T13:02:47: PM2 log: App [webhooks:0] exited with code [1] via signal [SIGINT]
2023-11-12T13:02:47: PM2 log: App [webhooks:0] starting in -fork mode-
2023-11-12T13:02:47: PM2 log: App [webhooks:0] online
2023-11-12T13:02:47: PM2 log: App [webhooks:0] exited with code [1] via signal [SIGINT]
2023-11-12T13:02:47: PM2 log: App [webhooks:0] starting in -fork mode-
2023-11-12T13:02:47: PM2 log: App [webhooks:0] online
2023-11-12T13:02:47: PM2 log: App [webhooks:0] exited with code [1] via signal [SIGINT]
2023-11-12T13:02:47: PM2 log: App [webhooks:0] starting in -fork mode-
2023-11-12T13:02:47: PM2 log: App [webhooks:0] online
2023-11-12T13:02:47: PM2 log: App [webhooks:0] exited with code [1] via signal [SIGINT]
2023-11-12T13:02:47: PM2 log: App [webhooks:0] starting in -fork mode-
2023-11-12T13:02:47: PM2 log: App [webhooks:0] online
2023-11-12T13:02:47: PM2 log: App [webhooks:0] exited with code [1] via signal [SIGINT]
2023-11-12T13:02:47: PM2 log: App [webhooks:0] starting in -fork mode-
2023-11-12T13:02:47: PM2 log: App [webhooks:0] online
2023-11-12T13:02:47: PM2 log: App [webhooks:0] exited with code [1] via signal [SIGINT]
2023-11-12T13:02:47: PM2 log: App [webhooks:0] starting in -fork mode-
2023-11-12T13:02:47: PM2 log: App [webhooks:0] online
2023-11-12T13:02:47: PM2 log: App [webhooks:0] exited with code [1] via signal [SIGINT]
2023-11-12T13:02:47: PM2 log: App [webhooks:0] starting in -fork mode-
2023-11-12T13:02:47: PM2 log: App [webhooks:0] online
2023-11-12T13:02:47: PM2 log: App [webhooks:0] exited with code [1] via signal [SIGINT]
2023-11-12T13:02:47: PM2 log: App [webhooks:0] starting in -fork mode-
2023-11-12T13:02:47: PM2 log: App [webhooks:0] online
2023-11-12T13:02:47: PM2 log: App [webhooks:0] exited with code [1] via signal [SIGINT]
2023-11-12T13:02:47: PM2 log: Script /home/rbf070962/github-webhooks/webhooks.py had too many unstable restarts (16). Stopped. "errored"
2023-11-12T13:04:06: PM2 log: Change detected on path webhooks.py for app webhooks - restarting
2023-11-12T13:04:06: PM2 log: App [webhooks:0] starting in -fork mode-
2023-11-12T13:04:06: PM2 log: App [webhooks:0] online
2023-11-12T13:04:06: PM2 log: App [webhooks:0] exited with code [1] via signal [SIGINT]
2023-11-12T13:04:06: PM2 log: App [webhooks:0] starting in -fork mode-
2023-11-12T13:04:06: PM2 log: App [webhooks:0] online
2023-11-12T13:04:06: PM2 log: App [webhooks:0] exited with code [1] via signal [SIGINT]
2023-11-12T13:04:06: PM2 log: App [webhooks:0] starting in -fork mode-
2023-11-12T13:04:06: PM2 log: App [webhooks:0] online
2023-11-12T13:04:06: PM2 log: App [webhooks:0] exited with code [1] via signal [SIGINT]
2023-11-12T13:04:06: PM2 log: App [webhooks:0] starting in -fork mode-
2023-11-12T13:04:06: PM2 log: App [webhooks:0] online
2023-11-12T13:04:06: PM2 log: App [webhooks:0] exited with code [1] via signal [SIGINT]
2023-11-12T13:04:06: PM2 log: App [webhooks:0] starting in -fork mode-
2023-11-12T13:04:06: PM2 log: App [webhooks:0] online
2023-11-12T13:04:06: PM2 log: App [webhooks:0] exited with code [1] via signal [SIGINT]
2023-11-12T13:04:06: PM2 log: App [webhooks:0] starting in -fork mode-
2023-11-12T13:04:06: PM2 log: App [webhooks:0] online
2023-11-12T13:04:06: PM2 log: App [webhooks:0] exited with code [1] via signal [SIGINT]
2023-11-12T13:04:06: PM2 log: App [webhooks:0] starting in -fork mode-
2023-11-12T13:04:06: PM2 log: App [webhooks:0] online
2023-11-12T13:04:06: PM2 log: App [webhooks:0] exited with code [1] via signal [SIGINT]
2023-11-12T13:04:06: PM2 log: App [webhooks:0] starting in -fork mode-
2023-11-12T13:04:06: PM2 log: App [webhooks:0] online
2023-11-12T13:04:06: PM2 log: App [webhooks:0] exited with code [1] via signal [SIGINT]
2023-11-12T13:04:06: PM2 log: App [webhooks:0] starting in -fork mode-
2023-11-12T13:04:06: PM2 log: App [webhooks:0] online
2023-11-12T13:04:06: PM2 log: App [webhooks:0] exited with code [1] via signal [SIGINT]
2023-11-12T13:04:06: PM2 log: App [webhooks:0] starting in -fork mode-
2023-11-12T13:04:06: PM2 log: App [webhooks:0] online
2023-11-12T13:04:06: PM2 log: App [webhooks:0] exited with code [1] via signal [SIGINT]
2023-11-12T13:04:06: PM2 log: App [webhooks:0] starting in -fork mode-
2023-11-12T13:04:06: PM2 log: App [webhooks:0] online
2023-11-12T13:04:06: PM2 log: App [webhooks:0] exited with code [1] via signal [SIGINT]
2023-11-12T13:04:06: PM2 log: App [webhooks:0] starting in -fork mode-
2023-11-12T13:04:06: PM2 log: App [webhooks:0] online
2023-11-12T13:04:06: PM2 log: App [webhooks:0] exited with code [1] via signal [SIGINT]
2023-11-12T13:04:06: PM2 log: App [webhooks:0] starting in -fork mode-
2023-11-12T13:04:06: PM2 log: App [webhooks:0] online
2023-11-12T13:04:06: PM2 log: App [webhooks:0] exited with code [1] via signal [SIGINT]
2023-11-12T13:04:06: PM2 log: App [webhooks:0] starting in -fork mode-
2023-11-12T13:04:06: PM2 log: App [webhooks:0] online
2023-11-12T13:04:06: PM2 log: App [webhooks:0] exited with code [1] via signal [SIGINT]
2023-11-12T13:04:06: PM2 log: App [webhooks:0] starting in -fork mode-
2023-11-12T13:04:06: PM2 log: App [webhooks:0] online
2023-11-12T13:04:06: PM2 log: App [webhooks:0] exited with code [1] via signal [SIGINT]
2023-11-12T13:04:06: PM2 log: App [webhooks:0] starting in -fork mode-
2023-11-12T13:04:06: PM2 log: App [webhooks:0] online
2023-11-12T13:04:06: PM2 log: App [webhooks:0] exited with code [1] via signal [SIGINT]
2023-11-12T13:04:06: PM2 log: Script /home/rbf070962/github-webhooks/webhooks.py had too many unstable restarts (16). Stopped. "errored"
2023-11-12T13:04:19: PM2 log: [Watch] Stop watching webhooks
2023-11-12T13:04:19: PM2 log: App [webhooks:0] starting in -fork mode-
2023-11-12T13:04:19: PM2 log: App [webhooks:0] online
2023-11-12T13:04:19: PM2 log: App [webhooks:0] exited with code [1] via signal [SIGINT]
2023-11-12T13:04:19: PM2 log: App [webhooks:0] starting in -fork mode-
2023-11-12T13:04:19: PM2 log: App [webhooks:0] online
2023-11-12T13:04:19: PM2 log: App [webhooks:0] exited with code [1] via signal [SIGINT]
2023-11-12T13:04:19: PM2 log: App [webhooks:0] starting in -fork mode-
2023-11-12T13:04:19: PM2 log: App [webhooks:0] online
2023-11-12T13:04:19: PM2 log: App [webhooks:0] exited with code [1] via signal [SIGINT]
2023-11-12T13:04:19: PM2 log: App [webhooks:0] starting in -fork mode-
2023-11-12T13:04:19: PM2 log: App [webhooks:0] online
2023-11-12T13:04:19: PM2 log: App [webhooks:0] exited with code [1] via signal [SIGINT]
2023-11-12T13:04:19: PM2 log: App [webhooks:0] starting in -fork mode-
2023-11-12T13:04:19: PM2 log: App [webhooks:0] online
2023-11-12T13:04:19: PM2 log: App [webhooks:0] exited with code [1] via signal [SIGINT]
2023-11-12T13:04:19: PM2 log: App [webhooks:0] starting in -fork mode-
2023-11-12T13:04:19: PM2 log: App [webhooks:0] online
2023-11-12T13:04:19: PM2 log: App [webhooks:0] exited with code [1] via signal [SIGINT]
2023-11-12T13:04:19: PM2 log: App [webhooks:0] starting in -fork mode-
2023-11-12T13:04:19: PM2 log: App [webhooks:0] online
2023-11-12T13:04:19: PM2 log: App [webhooks:0] exited with code [1] via signal [SIGINT]
2023-11-12T13:04:19: PM2 log: App [webhooks:0] starting in -fork mode-
2023-11-12T13:04:19: PM2 log: App [webhooks:0] online
2023-11-12T13:04:19: PM2 log: App [webhooks:0] exited with code [1] via signal [SIGINT]
2023-11-12T13:04:19: PM2 log: App [webhooks:0] starting in -fork mode-
2023-11-12T13:04:20: PM2 log: App [webhooks:0] online
2023-11-12T13:04:20: PM2 log: App [webhooks:0] exited with code [1] via signal [SIGINT]
2023-11-12T13:04:20: PM2 log: App [webhooks:0] starting in -fork mode-
2023-11-12T13:04:20: PM2 log: App [webhooks:0] online
2023-11-12T13:04:20: PM2 log: App [webhooks:0] exited with code [1] via signal [SIGINT]
2023-11-12T13:04:20: PM2 log: App [webhooks:0] starting in -fork mode-
2023-11-12T13:04:20: PM2 log: App [webhooks:0] online
2023-11-12T13:04:20: PM2 log: App [webhooks:0] exited with code [1] via signal [SIGINT]
2023-11-12T13:04:20: PM2 log: App [webhooks:0] starting in -fork mode-
2023-11-12T13:04:20: PM2 log: App [webhooks:0] online
2023-11-12T13:04:20: PM2 log: App [webhooks:0] exited with code [1] via signal [SIGINT]
2023-11-12T13:04:20: PM2 log: App [webhooks:0] starting in -fork mode-
2023-11-12T13:04:20: PM2 log: App [webhooks:0] online
2023-11-12T13:04:20: PM2 log: App [webhooks:0] exited with code [1] via signal [SIGINT]
2023-11-12T13:04:20: PM2 log: App [webhooks:0] starting in -fork mode-
2023-11-12T13:04:20: PM2 log: App [webhooks:0] online
2023-11-12T13:04:20: PM2 log: App [webhooks:0] exited with code [1] via signal [SIGINT]
2023-11-12T13:04:20: PM2 log: App [webhooks:0] starting in -fork mode-
2023-11-12T13:04:20: PM2 log: App [webhooks:0] online
2023-11-12T13:04:20: PM2 log: App [webhooks:0] exited with code [1] via signal [SIGINT]
2023-11-12T13:04:20: PM2 log: App [webhooks:0] starting in -fork mode-
2023-11-12T13:04:20: PM2 log: App [webhooks:0] online
2023-11-12T13:04:20: PM2 log: App [webhooks:0] exited with code [1] via signal [SIGINT]
2023-11-12T13:04:20: PM2 log: Script /home/rbf070962/github-webhooks/webhooks.py had too many unstable restarts (16). Stopped. "errored"
2023-11-12T13:06:12: PM2 log: [Watch] Start watching webhooks
2023-11-12T13:06:12: PM2 log: App [webhooks:0] starting in -fork mode-
2023-11-12T13:06:12: PM2 log: App [webhooks:0] online
2023-11-12T13:06:12: PM2 log: App [webhooks:0] exited with code [1] via signal [SIGINT]
2023-11-12T13:06:12: PM2 log: App [webhooks:0] starting in -fork mode-
2023-11-12T13:06:12: PM2 log: App [webhooks:0] online
2023-11-12T13:06:12: PM2 log: App [webhooks:0] exited with code [1] via signal [SIGINT]
2023-11-12T13:06:12: PM2 log: App [webhooks:0] starting in -fork mode-
2023-11-12T13:06:12: PM2 log: App [webhooks:0] online
2023-11-12T13:06:13: PM2 log: App [webhooks:0] exited with code [1] via signal [SIGINT]
2023-11-12T13:06:13: PM2 log: App [webhooks:0] starting in -fork mode-
2023-11-12T13:06:13: PM2 log: App [webhooks:0] online
2023-11-12T13:06:13: PM2 log: App [webhooks:0] exited with code [1] via signal [SIGINT]
2023-11-12T13:06:13: PM2 log: App [webhooks:0] starting in -fork mode-
2023-11-12T13:06:13: PM2 log: App [webhooks:0] online
2023-11-12T13:06:13: PM2 log: App [webhooks:0] exited with code [1] via signal [SIGINT]
2023-11-12T13:06:13: PM2 log: App [webhooks:0] starting in -fork mode-
2023-11-12T13:06:13: PM2 log: App [webhooks:0] online
2023-11-12T13:06:13: PM2 log: App [webhooks:0] exited with code [1] via signal [SIGINT]
2023-11-12T13:06:13: PM2 log: App [webhooks:0] starting in -fork mode-
2023-11-12T13:06:13: PM2 log: App [webhooks:0] online
2023-11-12T13:06:14: PM2 log: App [webhooks:0] exited with code [1] via signal [SIGINT]
2023-11-12T13:06:14: PM2 log: App [webhooks:0] starting in -fork mode-
2023-11-12T13:06:14: PM2 log: App [webhooks:0] online
2023-11-12T13:06:14: PM2 log: App [webhooks:0] exited with code [1] via signal [SIGINT]
2023-11-12T13:06:14: PM2 log: App [webhooks:0] starting in -fork mode-
2023-11-12T13:06:14: PM2 log: App [webhooks:0] online
2023-11-12T13:06:14: PM2 log: App [webhooks:0] exited with code [1] via signal [SIGINT]
2023-11-12T13:06:14: PM2 log: App [webhooks:0] starting in -fork mode-
2023-11-12T13:06:14: PM2 log: App [webhooks:0] online
2023-11-12T13:06:14: PM2 log: App [webhooks:0] exited with code [1] via signal [SIGINT]
2023-11-12T13:06:14: PM2 log: App [webhooks:0] starting in -fork mode-
2023-11-12T13:06:14: PM2 log: App [webhooks:0] online
2023-11-12T13:06:15: PM2 log: App [webhooks:0] exited with code [1] via signal [SIGINT]
2023-11-12T13:06:15: PM2 log: App [webhooks:0] starting in -fork mode-
2023-11-12T13:06:15: PM2 log: App [webhooks:0] online
2023-11-12T13:06:15: PM2 log: App [webhooks:0] exited with code [1] via signal [SIGINT]
2023-11-12T13:06:15: PM2 log: App [webhooks:0] starting in -fork mode-
2023-11-12T13:06:15: PM2 log: App [webhooks:0] online
2023-11-12T13:06:15: PM2 log: App [webhooks:0] exited with code [1] via signal [SIGINT]
2023-11-12T13:06:15: PM2 log: App [webhooks:0] starting in -fork mode-
2023-11-12T13:06:15: PM2 log: App [webhooks:0] online
2023-11-12T13:06:15: PM2 log: App [webhooks:0] exited with code [1] via signal [SIGINT]
2023-11-12T13:06:15: PM2 log: App [webhooks:0] starting in -fork mode-
2023-11-12T13:06:15: PM2 log: App [webhooks:0] online
2023-11-12T13:06:16: PM2 log: App [webhooks:0] exited with code [1] via signal [SIGINT]
2023-11-12T13:06:16: PM2 log: App [webhooks:0] starting in -fork mode-
2023-11-12T13:06:16: PM2 log: App [webhooks:0] online
2023-11-12T13:06:16: PM2 log: App [webhooks:0] exited with code [1] via signal [SIGINT]
2023-11-12T13:06:16: PM2 log: Script /home/rbf070962/github-webhooks/webhooks.py had too many unstable restarts (16). Stopped. "errored"
2023-11-12T13:06:56: PM2 log: [Watch] Stop watching webhooks
2023-11-12T13:06:56: PM2 log: App [webhooks:0] starting in -fork mode-
2023-11-12T13:06:56: PM2 log: App [webhooks:0] online
2023-11-12T13:06:56: PM2 log: App [webhooks:0] exited with code [1] via signal [SIGINT]
2023-11-12T13:06:56: PM2 log: App [webhooks:0] starting in -fork mode-
2023-11-12T13:06:56: PM2 log: App [webhooks:0] online
2023-11-12T13:06:56: PM2 log: App [webhooks:0] exited with code [1] via signal [SIGINT]
2023-11-12T13:06:56: PM2 log: App [webhooks:0] starting in -fork mode-
2023-11-12T13:06:56: PM2 log: App [webhooks:0] online
2023-11-12T13:06:56: PM2 log: App [webhooks:0] exited with code [1] via signal [SIGINT]
2023-11-12T13:06:56: PM2 log: App [webhooks:0] starting in -fork mode-
2023-11-12T13:06:56: PM2 log: App [webhooks:0] online
2023-11-12T13:06:57: PM2 log: App [webhooks:0] exited with code [1] via signal [SIGINT]
2023-11-12T13:06:57: PM2 log: App [webhooks:0] starting in -fork mode-
2023-11-12T13:06:57: PM2 log: App [webhooks:0] online
2023-11-12T13:06:57: PM2 log: App [webhooks:0] exited with code [1] via signal [SIGINT]
2023-11-12T13:06:57: PM2 log: App [webhooks:0] starting in -fork mode-
2023-11-12T13:06:57: PM2 log: App [webhooks:0] online
2023-11-12T13:06:57: PM2 log: App [webhooks:0] exited with code [1] via signal [SIGINT]
2023-11-12T13:06:57: PM2 log: App [webhooks:0] starting in -fork mode-
2023-11-12T13:06:57: PM2 log: App [webhooks:0] online
2023-11-12T13:06:57: PM2 log: App [webhooks:0] exited with code [1] via signal [SIGINT]
2023-11-12T13:06:57: PM2 log: App [webhooks:0] starting in -fork mode-
2023-11-12T13:06:57: PM2 log: App [webhooks:0] online
2023-11-12T13:06:58: PM2 log: App [webhooks:0] exited with code [1] via signal [SIGINT]
2023-11-12T13:06:58: PM2 log: App [webhooks:0] starting in -fork mode-
2023-11-12T13:06:58: PM2 log: App [webhooks:0] online
2023-11-12T13:06:58: PM2 log: App [webhooks:0] exited with code [1] via signal [SIGINT]
2023-11-12T13:06:58: PM2 log: App [webhooks:0] starting in -fork mode-
2023-11-12T13:06:58: PM2 log: App [webhooks:0] online
2023-11-12T13:06:58: PM2 log: App [webhooks:0] exited with code [1] via signal [SIGINT]
2023-11-12T13:06:58: PM2 log: App [webhooks:0] starting in -fork mode-
2023-11-12T13:06:58: PM2 log: App [webhooks:0] online
2023-11-12T13:06:58: PM2 log: App [webhooks:0] exited with code [1] via signal [SIGINT]
2023-11-12T13:06:58: PM2 log: App [webhooks:0] starting in -fork mode-
2023-11-12T13:06:58: PM2 log: App [webhooks:0] online
2023-11-12T13:06:59: PM2 log: App [webhooks:0] exited with code [1] via signal [SIGINT]
2023-11-12T13:06:59: PM2 log: App [webhooks:0] starting in -fork mode-
2023-11-12T13:06:59: PM2 log: App [webhooks:0] online
2023-11-12T13:06:59: PM2 log: App [webhooks:0] exited with code [1] via signal [SIGINT]
2023-11-12T13:06:59: PM2 log: App [webhooks:0] starting in -fork mode-
2023-11-12T13:06:59: PM2 log: App [webhooks:0] online
2023-11-12T13:06:59: PM2 log: App [webhooks:0] exited with code [1] via signal [SIGINT]
2023-11-12T13:06:59: PM2 log: App [webhooks:0] starting in -fork mode-
2023-11-12T13:06:59: PM2 log: App [webhooks:0] online
2023-11-12T13:06:59: PM2 log: App [webhooks:0] exited with code [1] via signal [SIGINT]
2023-11-12T13:06:59: PM2 log: App [webhooks:0] starting in -fork mode-
2023-11-12T13:06:59: PM2 log: App [webhooks:0] online
2023-11-12T13:07:00: PM2 log: App [webhooks:0] exited with code [1] via signal [SIGINT]
2023-11-12T13:07:00: PM2 log: Script /home/rbf070962/github-webhooks/webhooks.py had too many unstable restarts (16). Stopped. "errored"
2023-11-12T13:07:27: PM2 log: [Watch] Start watching webhooks
2023-11-12T13:07:27: PM2 log: App [webhooks:0] starting in -fork mode-
2023-11-12T13:07:27: PM2 log: App [webhooks:0] online
2023-11-12T13:07:27: PM2 log: App [webhooks:0] exited with code [1] via signal [SIGINT]
2023-11-12T13:07:27: PM2 log: App [webhooks:0] starting in -fork mode-
2023-11-12T13:07:27: PM2 log: App [webhooks:0] online
2023-11-12T13:07:27: PM2 log: App [webhooks:0] exited with code [1] via signal [SIGINT]
2023-11-12T13:07:27: PM2 log: App [webhooks:0] starting in -fork mode-
2023-11-12T13:07:27: PM2 log: App [webhooks:0] online
2023-11-12T13:07:28: PM2 log: App [webhooks:0] exited with code [1] via signal [SIGINT]
2023-11-12T13:07:28: PM2 log: App [webhooks:0] starting in -fork mode-
2023-11-12T13:07:28: PM2 log: App [webhooks:0] online
2023-11-12T13:07:28: PM2 log: App [webhooks:0] exited with code [1] via signal [SIGINT]
2023-11-12T13:07:28: PM2 log: App [webhooks:0] starting in -fork mode-
2023-11-12T13:07:28: PM2 log: App [webhooks:0] online
2023-11-12T13:07:28: PM2 log: App [webhooks:0] exited with code [1] via signal [SIGINT]
2023-11-12T13:07:28: PM2 log: App [webhooks:0] starting in -fork mode-
2023-11-12T13:07:28: PM2 log: App [webhooks:0] online
2023-11-12T13:07:28: PM2 log: App [webhooks:0] exited with code [1] via signal [SIGINT]
2023-11-12T13:07:28: PM2 log: App [webhooks:0] starting in -fork mode-
2023-11-12T13:07:28: PM2 log: App [webhooks:0] online
2023-11-12T13:07:29: PM2 log: App [webhooks:0] exited with code [1] via signal [SIGINT]
2023-11-12T13:07:29: PM2 log: App [webhooks:0] starting in -fork mode-
2023-11-12T13:07:29: PM2 log: App [webhooks:0] online
2023-11-12T13:07:29: PM2 log: App [webhooks:0] exited with code [1] via signal [SIGINT]
2023-11-12T13:07:29: PM2 log: App [webhooks:0] starting in -fork mode-
2023-11-12T13:07:29: PM2 log: App [webhooks:0] online
2023-11-12T13:07:29: PM2 log: App [webhooks:0] exited with code [1] via signal [SIGINT]
2023-11-12T13:07:29: PM2 log: App [webhooks:0] starting in -fork mode-
2023-11-12T13:07:29: PM2 log: App [webhooks:0] online
2023-11-12T13:07:30: PM2 log: App [webhooks:0] exited with code [1] via signal [SIGINT]
2023-11-12T13:07:30: PM2 log: App [webhooks:0] starting in -fork mode-
2023-11-12T13:07:30: PM2 log: App [webhooks:0] online
2023-11-12T13:07:30: PM2 log: App [webhooks:0] exited with code [1] via signal [SIGINT]
2023-11-12T13:07:30: PM2 log: App [webhooks:0] starting in -fork mode-
2023-11-12T13:07:30: PM2 log: App [webhooks:0] online
2023-11-12T13:07:30: PM2 log: App [webhooks:0] exited with code [1] via signal [SIGINT]
2023-11-12T13:07:30: PM2 log: App [webhooks:0] starting in -fork mode-
2023-11-12T13:07:30: PM2 log: App [webhooks:0] online
2023-11-12T13:07:30: PM2 log: App [webhooks:0] exited with code [1] via signal [SIGINT]
2023-11-12T13:07:30: PM2 log: App [webhooks:0] starting in -fork mode-
2023-11-12T13:07:30: PM2 log: App [webhooks:0] online
2023-11-12T13:07:30: PM2 log: App [webhooks:0] exited with code [1] via signal [SIGINT]
2023-11-12T13:07:30: PM2 log: App [webhooks:0] starting in -fork mode-
2023-11-12T13:07:31: PM2 log: App [webhooks:0] online
2023-11-12T13:07:31: PM2 log: App [webhooks:0] exited with code [1] via signal [SIGINT]
2023-11-12T13:07:31: PM2 log: App [webhooks:0] starting in -fork mode-
2023-11-12T13:07:31: PM2 log: App [webhooks:0] online
2023-11-12T13:07:31: PM2 log: App [webhooks:0] exited with code [1] via signal [SIGINT]
2023-11-12T13:07:31: PM2 log: Script /home/rbf070962/github-webhooks/webhooks.py had too many unstable restarts (16). Stopped. "errored"
2023-11-12T13:07:59: PM2 log: [Watch] Stop watching webhooks
2023-11-12T13:07:59: PM2 log: App [webhooks:0] starting in -fork mode-
2023-11-12T13:07:59: PM2 log: App [webhooks:0] online
2023-11-12T13:08:00: PM2 log: App [webhooks:0] exited with code [1] via signal [SIGINT]
2023-11-12T13:08:00: PM2 log: App [webhooks:0] starting in -fork mode-
2023-11-12T13:08:00: PM2 log: App [webhooks:0] online
2023-11-12T13:08:00: PM2 log: App [webhooks:0] exited with code [1] via signal [SIGINT]
2023-11-12T13:08:00: PM2 log: App [webhooks:0] starting in -fork mode-
2023-11-12T13:08:00: PM2 log: App [webhooks:0] online
2023-11-12T13:08:00: PM2 log: App [webhooks:0] exited with code [1] via signal [SIGINT]
2023-11-12T13:08:00: PM2 log: App [webhooks:0] starting in -fork mode-
2023-11-12T13:08:00: PM2 log: App [webhooks:0] online
2023-11-12T13:08:00: PM2 log: App [webhooks:0] exited with code [1] via signal [SIGINT]
2023-11-12T13:08:00: PM2 log: App [webhooks:0] starting in -fork mode-
2023-11-12T13:08:00: PM2 log: App [webhooks:0] online
2023-11-12T13:08:01: PM2 log: App [webhooks:0] exited with code [1] via signal [SIGINT]
2023-11-12T13:08:01: PM2 log: App [webhooks:0] starting in -fork mode-
2023-11-12T13:08:01: PM2 log: App [webhooks:0] online
2023-11-12T13:08:01: PM2 log: App [webhooks:0] exited with code [1] via signal [SIGINT]
2023-11-12T13:08:01: PM2 log: App [webhooks:0] starting in -fork mode-
2023-11-12T13:08:01: PM2 log: App [webhooks:0] online
2023-11-12T13:08:01: PM2 log: App [webhooks:0] exited with code [1] via signal [SIGINT]
2023-11-12T13:08:01: PM2 log: App [webhooks:0] starting in -fork mode-
2023-11-12T13:08:01: PM2 log: App [webhooks:0] online
2023-11-12T13:08:01: PM2 log: App [webhooks:0] exited with code [1] via signal [SIGINT]
2023-11-12T13:08:01: PM2 log: App [webhooks:0] starting in -fork mode-
2023-11-12T13:08:01: PM2 log: App [webhooks:0] online
2023-11-12T13:08:02: PM2 log: App [webhooks:0] exited with code [1] via signal [SIGINT]
2023-11-12T13:08:02: PM2 log: App [webhooks:0] starting in -fork mode-
2023-11-12T13:08:02: PM2 log: App [webhooks:0] online
2023-11-12T13:08:02: PM2 log: App [webhooks:0] exited with code [1] via signal [SIGINT]
2023-11-12T13:08:02: PM2 log: App [webhooks:0] starting in -fork mode-
2023-11-12T13:08:02: PM2 log: App [webhooks:0] online
2023-11-12T13:08:02: PM2 log: App [webhooks:0] exited with code [1] via signal [SIGINT]
2023-11-12T13:08:02: PM2 log: App [webhooks:0] starting in -fork mode-
2023-11-12T13:08:02: PM2 log: App [webhooks:0] online
2023-11-12T13:08:03: PM2 log: App [webhooks:0] exited with code [1] via signal [SIGINT]
2023-11-12T13:08:03: PM2 log: App [webhooks:0] starting in -fork mode-
2023-11-12T13:08:03: PM2 log: App [webhooks:0] online
2023-11-12T13:08:03: PM2 log: App [webhooks:0] exited with code [1] via signal [SIGINT]
2023-11-12T13:08:03: PM2 log: App [webhooks:0] starting in -fork mode-
2023-11-12T13:08:03: PM2 log: App [webhooks:0] online
2023-11-12T13:08:03: PM2 log: App [webhooks:0] exited with code [1] via signal [SIGINT]
2023-11-12T13:08:03: PM2 log: App [webhooks:0] starting in -fork mode-
2023-11-12T13:08:03: PM2 log: App [webhooks:0] online
2023-11-12T13:08:03: PM2 log: App [webhooks:0] exited with code [1] via signal [SIGINT]
2023-11-12T13:08:03: PM2 log: App [webhooks:0] starting in -fork mode-
2023-11-12T13:08:03: PM2 log: App [webhooks:0] online
2023-11-12T13:08:03: PM2 log: App [webhooks:0] exited with code [1] via signal [SIGINT]
2023-11-12T13:08:03: PM2 log: Script /home/rbf070962/github-webhooks/webhooks.py had too many unstable restarts (16). Stopped. "errored"
2023-11-12T13:08:37: PM2 log: [Watch] Start watching webhooks
2023-11-12T13:08:37: PM2 log: App [webhooks:0] starting in -fork mode-
2023-11-12T13:08:37: PM2 log: App [webhooks:0] online
2023-11-12T13:08:37: PM2 log: App [webhooks:0] exited with code [1] via signal [SIGINT]
2023-11-12T13:08:37: PM2 log: App [webhooks:0] starting in -fork mode-
2023-11-12T13:08:37: PM2 log: App [webhooks:0] online
2023-11-12T13:08:38: PM2 log: App [webhooks:0] exited with code [1] via signal [SIGINT]
2023-11-12T13:08:38: PM2 log: App [webhooks:0] starting in -fork mode-
2023-11-12T13:08:38: PM2 log: App [webhooks:0] online
2023-11-12T13:08:38: PM2 log: App [webhooks:0] exited with code [1] via signal [SIGINT]
2023-11-12T13:08:38: PM2 log: App [webhooks:0] starting in -fork mode-
2023-11-12T13:08:38: PM2 log: App [webhooks:0] online
2023-11-12T13:08:38: PM2 log: App [webhooks:0] exited with code [1] via signal [SIGINT]
2023-11-12T13:08:38: PM2 log: App [webhooks:0] starting in -fork mode-
2023-11-12T13:08:38: PM2 log: App [webhooks:0] online
2023-11-12T13:08:38: PM2 log: App [webhooks:0] exited with code [1] via signal [SIGINT]
2023-11-12T13:08:38: PM2 log: App [webhooks:0] starting in -fork mode-
2023-11-12T13:08:38: PM2 log: App [webhooks:0] online
2023-11-12T13:08:39: PM2 log: App [webhooks:0] exited with code [1] via signal [SIGINT]
2023-11-12T13:08:39: PM2 log: App [webhooks:0] starting in -fork mode-
2023-11-12T13:08:39: PM2 log: App [webhooks:0] online
2023-11-12T13:08:39: PM2 log: App [webhooks:0] exited with code [1] via signal [SIGINT]
2023-11-12T13:08:39: PM2 log: App [webhooks:0] starting in -fork mode-
2023-11-12T13:08:39: PM2 log: App [webhooks:0] online
2023-11-12T13:08:39: PM2 log: App [webhooks:0] exited with code [1] via signal [SIGINT]
2023-11-12T13:08:39: PM2 log: App [webhooks:0] starting in -fork mode-
2023-11-12T13:08:39: PM2 log: App [webhooks:0] online
2023-11-12T13:08:39: PM2 log: App [webhooks:0] exited with code [1] via signal [SIGINT]
2023-11-12T13:08:39: PM2 log: App [webhooks:0] starting in -fork mode-
2023-11-12T13:08:39: PM2 log: App [webhooks:0] online
2023-11-12T13:08:40: PM2 log: App [webhooks:0] exited with code [1] via signal [SIGINT]
2023-11-12T13:08:40: PM2 log: App [webhooks:0] starting in -fork mode-
2023-11-12T13:08:40: PM2 log: App [webhooks:0] online
2023-11-12T13:08:40: PM2 log: App [webhooks:0] exited with code [1] via signal [SIGINT]
2023-11-12T13:08:40: PM2 log: App [webhooks:0] starting in -fork mode-
2023-11-12T13:08:40: PM2 log: App [webhooks:0] online
2023-11-12T13:08:40: PM2 log: App [webhooks:0] exited with code [1] via signal [SIGINT]
2023-11-12T13:08:40: PM2 log: App [webhooks:0] starting in -fork mode-
2023-11-12T13:08:40: PM2 log: App [webhooks:0] online
2023-11-12T13:08:41: PM2 log: App [webhooks:0] exited with code [1] via signal [SIGINT]
2023-11-12T13:08:41: PM2 log: App [webhooks:0] starting in -fork mode-
2023-11-12T13:08:41: PM2 log: App [webhooks:0] online
2023-11-12T13:08:41: PM2 log: App [webhooks:0] exited with code [1] via signal [SIGINT]
2023-11-12T13:08:41: PM2 log: App [webhooks:0] starting in -fork mode-
2023-11-12T13:08:41: PM2 log: App [webhooks:0] online
2023-11-12T13:08:41: PM2 log: App [webhooks:0] exited with code [1] via signal [SIGINT]
2023-11-12T13:08:41: PM2 log: App [webhooks:0] starting in -fork mode-
2023-11-12T13:08:41: PM2 log: App [webhooks:0] online
2023-11-12T13:08:41: PM2 log: App [webhooks:0] exited with code [1] via signal [SIGINT]
2023-11-12T13:08:41: PM2 log: Script /home/rbf070962/github-webhooks/webhooks.py had too many unstable restarts (16). Stopped. "errored"
2023-11-12T13:09:31: PM2 log: Change detected on path webhooks.py for app webhooks - restarting
2023-11-12T13:09:31: PM2 log: App [webhooks:0] starting in -fork mode-
2023-11-12T13:09:31: PM2 log: App [webhooks:0] online
2023-11-12T13:10:14: PM2 log: Stopping app:webhooks id:0
2023-11-12T13:10:14: PM2 log: pid=13923 msg=failed to kill - retrying in 100ms
2023-11-12T13:10:14: PM2 log: App [webhooks:0] exited with code [0] via signal [SIGINT]
2023-11-12T13:10:14: PM2 log: pid=13923 msg=process killed
2023-11-12T13:10:14: PM2 log: App [webhooks:0] starting in -fork mode-
2023-11-12T13:10:14: PM2 log: App [webhooks:0] online
2023-11-12T13:10:20: PM2 log: [Watch] Start watching webhooks
2023-11-12T13:10:20: PM2 log: App [webhooks:1] starting in -fork mode-
2023-11-12T13:10:20: PM2 log: App [webhooks:1] online
2023-11-12T13:10:20: PM2 log: App [webhooks:1] exited with code [1] via signal [SIGINT]
2023-11-12T13:10:20: PM2 log: App [webhooks:1] starting in -fork mode-
2023-11-12T13:10:20: PM2 log: App [webhooks:1] online
2023-11-12T13:10:21: PM2 log: App [webhooks:1] exited with code [1] via signal [SIGINT]
2023-11-12T13:10:21: PM2 log: App [webhooks:1] starting in -fork mode-
2023-11-12T13:10:21: PM2 log: App [webhooks:1] online
2023-11-12T13:10:21: PM2 log: App [webhooks:1] exited with code [1] via signal [SIGINT]
2023-11-12T13:10:21: PM2 log: App [webhooks:1] starting in -fork mode-
2023-11-12T13:10:21: PM2 log: App [webhooks:1] online
2023-11-12T13:10:21: PM2 log: App [webhooks:1] exited with code [1] via signal [SIGINT]
2023-11-12T13:10:21: PM2 log: App [webhooks:1] starting in -fork mode-
2023-11-12T13:10:21: PM2 log: App [webhooks:1] online
2023-11-12T13:10:22: PM2 log: App [webhooks:1] exited with code [1] via signal [SIGINT]
2023-11-12T13:10:22: PM2 log: App [webhooks:1] starting in -fork mode-
2023-11-12T13:10:22: PM2 log: App [webhooks:1] online
2023-11-12T13:10:22: PM2 log: App [webhooks:1] exited with code [1] via signal [SIGINT]
2023-11-12T13:10:22: PM2 log: App [webhooks:1] starting in -fork mode-
2023-11-12T13:10:22: PM2 log: App [webhooks:1] online
2023-11-12T13:10:22: PM2 log: App [webhooks:1] exited with code [1] via signal [SIGINT]
2023-11-12T13:10:22: PM2 log: App [webhooks:1] starting in -fork mode-
2023-11-12T13:10:22: PM2 log: App [webhooks:1] online
2023-11-12T13:10:22: PM2 log: App [webhooks:1] exited with code [1] via signal [SIGINT]
2023-11-12T13:10:22: PM2 log: App [webhooks:1] starting in -fork mode-
2023-11-12T13:10:22: PM2 log: App [webhooks:1] online
2023-11-12T13:10:23: PM2 log: App [webhooks:1] exited with code [1] via signal [SIGINT]
2023-11-12T13:10:23: PM2 log: App [webhooks:1] starting in -fork mode-
2023-11-12T13:10:23: PM2 log: App [webhooks:1] online
2023-11-12T13:10:23: PM2 log: App [webhooks:1] exited with code [1] via signal [SIGINT]
2023-11-12T13:10:23: PM2 log: App [webhooks:1] starting in -fork mode-
2023-11-12T13:10:23: PM2 log: App [webhooks:1] online
2023-11-12T13:10:23: PM2 log: App [webhooks:1] exited with code [1] via signal [SIGINT]
2023-11-12T13:10:23: PM2 log: App [webhooks:1] starting in -fork mode-
2023-11-12T13:10:23: PM2 log: App [webhooks:1] online
2023-11-12T13:10:23: PM2 log: App [webhooks:1] exited with code [1] via signal [SIGINT]
2023-11-12T13:10:23: PM2 log: App [webhooks:1] starting in -fork mode-
2023-11-12T13:10:23: PM2 log: App [webhooks:1] online
2023-11-12T13:10:24: PM2 log: App [webhooks:1] exited with code [1] via signal [SIGINT]
2023-11-12T13:10:24: PM2 log: App [webhooks:1] starting in -fork mode-
2023-11-12T13:10:24: PM2 log: App [webhooks:1] online
2023-11-12T13:10:24: PM2 log: App [webhooks:1] exited with code [1] via signal [SIGINT]
2023-11-12T13:10:24: PM2 log: App [webhooks:1] starting in -fork mode-
2023-11-12T13:10:24: PM2 log: App [webhooks:1] online
2023-11-12T13:10:24: PM2 log: App [webhooks:1] exited with code [1] via signal [SIGINT]
2023-11-12T13:10:24: PM2 log: App [webhooks:1] starting in -fork mode-
2023-11-12T13:10:24: PM2 log: App [webhooks:1] online
2023-11-12T13:10:24: PM2 log: App [webhooks:1] exited with code [1] via signal [SIGINT]
2023-11-12T13:10:24: PM2 log: Script /home/rbf070962/github-webhooks/webhooks.py had too many unstable restarts (16). Stopped. "errored"
2023-11-12T13:11:37: PM2 log: [Watch] Stop watching webhooks
2023-11-12T13:11:37: PM2 log: Stopping app:webhooks id:1
2023-11-12T13:11:37: PM2 error: app=webhooks id=1 does not have a pid
2023-11-12T13:15:58: PM2 log: [Watch] Start watching tcp-server
2023-11-12T13:15:58: PM2 log: App [tcp-server:2] starting in -fork mode-
2023-11-12T13:15:58: PM2 log: App [tcp-server:2] online
2023-11-12T13:20:52: PM2 log: Change detected on path tcp-server.py for app webhooks - restarting
2023-11-12T13:20:52: PM2 log: Stopping app:webhooks id:0
2023-11-12T13:20:52: PM2 log: pid=13955 msg=failed to kill - retrying in 100ms
2023-11-12T13:20:52: PM2 log: App [webhooks:0] exited with code [0] via signal [SIGINT]
2023-11-12T13:20:52: PM2 log: pid=13955 msg=process killed
2023-11-12T13:20:52: PM2 log: App [webhooks:0] starting in -fork mode-
2023-11-12T13:20:52: PM2 log: App [webhooks:0] online
2023-11-12T13:21:36: PM2 log: Change detected on path rbf070962 for app webhooks - restarting
2023-11-12T13:21:36: PM2 log: Stopping app:webhooks id:0
2023-11-12T13:21:36: PM2 log: pid=14080 msg=failed to kill - retrying in 100ms
2023-11-12T13:21:36: PM2 log: App [webhooks:0] exited with code [0] via signal [SIGINT]
2023-11-12T13:21:36: PM2 log: pid=14080 msg=process killed
2023-11-12T13:21:36: PM2 log: App [webhooks:0] starting in -fork mode-
2023-11-12T13:21:36: PM2 log: App [webhooks:0] online
2023-11-12T13:21:48: PM2 log: Change detected on path rbf070962 for app webhooks - restarting
2023-11-12T13:21:48: PM2 log: Stopping app:webhooks id:0
2023-11-12T13:21:48: PM2 log: pid=14105 msg=failed to kill - retrying in 100ms
2023-11-12T13:21:48: PM2 log: App [webhooks:0] exited with code [0] via signal [SIGINT]
2023-11-12T13:21:48: PM2 log: pid=14105 msg=process killed
2023-11-12T13:21:48: PM2 log: App [webhooks:0] starting in -fork mode-
2023-11-12T13:21:48: PM2 log: App [webhooks:0] online
2023-11-12T13:22:17: PM2 log: Change detected on path tcp-server.py for app tcp-server - restarting
2023-11-12T13:22:17: PM2 log: Stopping app:tcp-server id:2
2023-11-12T13:22:17: PM2 log: App [tcp-server:2] exited with code [0] via signal [SIGINT]
2023-11-12T13:22:17: PM2 log: pid=14043 msg=process killed
2023-11-12T13:22:17: PM2 log: App [tcp-server:2] starting in -fork mode-
2023-11-12T13:22:17: PM2 log: App [tcp-server:2] online
2023-11-12T13:29:22: PM2 log: Change detected on path __pycache__ for app tcp-server - restarting
2023-11-12T13:29:22: PM2 log: ===============================================================================
2023-11-12T13:29:22: PM2 log: --- PM2 global error caught ---------------------------------------------------
2023-11-12T13:29:22: PM2 log: Time                 : Sun Nov 12 2023 13:29:22 GMT+0000 (Coordinated Universal Time)
2023-11-12T13:29:22: PM2 error: ENOENT: no such file or directory, uv_cwd
2023-11-12T13:29:22: PM2 error: Error: ENOENT: no such file or directory, uv_cwd
    at process.wrappedCwd [as cwd] (internal/bootstrap/switches/does_own_process_state.js:128:26)
    at Object.resolve (path.js:978:47)
    at Object.God.findByName (/usr/local/lib/node_modules/pm2/lib/God/Methods.js:120:58)
    at Object.God.restartProcessName (/usr/local/lib/node_modules/pm2/lib/God/ActionMethods.js:436:25)
    at Timeout._onTimeout (/usr/local/lib/node_modules/pm2/lib/Watcher.js:67:13)
    at listOnTimeout (internal/timers.js:554:17)
    at processTimers (internal/timers.js:497:7)
2023-11-12T13:29:22: PM2 log: ===============================================================================
2023-11-12T13:29:22: PM2 error: [PM2] Resurrecting PM2
internal/bootstrap/switches/does_own_process_state.js:128
  cachedCwd = rawMethods.cwd();
                         ^

Error: ENOENT: no such file or directory, uv_cwd
    at process.wrappedCwd [as cwd] (internal/bootstrap/switches/does_own_process_state.js:128:26)
    at new API (/usr/local/lib/node_modules/pm2/lib/API.js:69:24)
    at Object.<anonymous> (/usr/local/lib/node_modules/pm2/lib/binaries/CLI.js:22:11)
    at Module._compile (internal/modules/cjs/loader.js:999:30)
    at Object.Module._extensions..js (internal/modules/cjs/loader.js:1027:10)
    at Module.load (internal/modules/cjs/loader.js:863:32)
    at Function.Module._load (internal/modules/cjs/loader.js:708:14)
    at Module.require (internal/modules/cjs/loader.js:887:19)
    at require (internal/modules/cjs/helpers.js:74:18)
    at Object.<anonymous> (/usr/local/lib/node_modules/pm2/bin/pm2:3:1) {
  errno: -2,
  code: 'ENOENT',
  syscall: 'uv_cwd'
}
2023-11-12T13:29:22: PM2 log: PM2 successfully forked
2023-11-12T14:02:54: PM2 log: ===============================================================================
2023-11-12T14:02:54: PM2 log: --- New PM2 Daemon started ----------------------------------------------------
2023-11-12T14:02:54: PM2 log: Time                 : Sun Nov 12 2023 14:02:54 GMT+0000 (Coordinated Universal Time)
2023-11-12T14:02:54: PM2 log: PM2 version          : 5.3.0
2023-11-12T14:02:54: PM2 log: Node.js version      : 12.22.12
2023-11-12T14:02:54: PM2 log: Current arch         : x64
2023-11-12T14:02:54: PM2 log: PM2 home             : /home/rbf070962/.pm2
2023-11-12T14:02:54: PM2 log: PM2 PID file         : /home/rbf070962/.pm2/pm2.pid
2023-11-12T14:02:54: PM2 log: RPC socket file      : /home/rbf070962/.pm2/rpc.sock
2023-11-12T14:02:54: PM2 log: BUS socket file      : /home/rbf070962/.pm2/pub.sock
2023-11-12T14:02:54: PM2 log: Application log path : /home/rbf070962/.pm2/logs
2023-11-12T14:02:54: PM2 log: Worker Interval      : 30000
2023-11-12T14:02:54: PM2 log: Process dump file    : /home/rbf070962/.pm2/dump.pm2
2023-11-12T14:02:54: PM2 log: Concurrent actions   : 2
2023-11-12T14:02:54: PM2 log: SIGTERM timeout      : 1600
2023-11-12T14:02:54: PM2 log: ===============================================================================
2023-11-12T14:03:48: PM2 log: [Watch] Start watching webhooks
2023-11-12T14:03:48: PM2 log: App [webhooks:0] starting in -fork mode-
2023-11-12T14:03:48: PM2 log: App [webhooks:0] online
2023-11-12T14:03:49: PM2 log: App [webhooks:0] exited with code [1] via signal [SIGINT]
2023-11-12T14:03:49: PM2 log: App [webhooks:0] starting in -fork mode-
2023-11-12T14:03:49: PM2 log: App [webhooks:0] online
2023-11-12T14:03:49: PM2 log: App [webhooks:0] exited with code [1] via signal [SIGINT]
2023-11-12T14:03:49: PM2 log: App [webhooks:0] starting in -fork mode-
2023-11-12T14:03:49: PM2 log: App [webhooks:0] online
2023-11-12T14:03:49: PM2 log: App [webhooks:0] exited with code [1] via signal [SIGINT]
2023-11-12T14:03:49: PM2 log: App [webhooks:0] starting in -fork mode-
2023-11-12T14:03:49: PM2 log: App [webhooks:0] online
2023-11-12T14:03:50: PM2 log: App [webhooks:0] exited with code [1] via signal [SIGINT]
2023-11-12T14:03:50: PM2 log: App [webhooks:0] starting in -fork mode-
2023-11-12T14:03:50: PM2 log: App [webhooks:0] online
2023-11-12T14:03:50: PM2 log: App [webhooks:0] exited with code [1] via signal [SIGINT]
2023-11-12T14:03:50: PM2 log: App [webhooks:0] starting in -fork mode-
2023-11-12T14:03:50: PM2 log: App [webhooks:0] online
2023-11-12T14:03:50: PM2 log: App [webhooks:0] exited with code [1] via signal [SIGINT]
2023-11-12T14:03:50: PM2 log: App [webhooks:0] starting in -fork mode-
2023-11-12T14:03:50: PM2 log: App [webhooks:0] online
2023-11-12T14:03:50: PM2 log: App [webhooks:0] exited with code [1] via signal [SIGINT]
2023-11-12T14:03:50: PM2 log: App [webhooks:0] starting in -fork mode-
2023-11-12T14:03:50: PM2 log: App [webhooks:0] online
2023-11-12T14:03:51: PM2 log: App [webhooks:0] exited with code [1] via signal [SIGINT]
2023-11-12T14:03:51: PM2 log: App [webhooks:0] starting in -fork mode-
2023-11-12T14:03:51: PM2 log: App [webhooks:0] online
2023-11-12T14:03:51: PM2 log: App [webhooks:0] exited with code [1] via signal [SIGINT]
2023-11-12T14:03:51: PM2 log: App [webhooks:0] starting in -fork mode-
2023-11-12T14:03:51: PM2 log: App [webhooks:0] online
2023-11-12T14:03:51: PM2 log: App [webhooks:0] exited with code [1] via signal [SIGINT]
2023-11-12T14:03:51: PM2 log: App [webhooks:0] starting in -fork mode-
2023-11-12T14:03:51: PM2 log: App [webhooks:0] online
2023-11-12T14:03:52: PM2 log: App [webhooks:0] exited with code [1] via signal [SIGINT]
2023-11-12T14:03:52: PM2 log: App [webhooks:0] starting in -fork mode-
2023-11-12T14:03:52: PM2 log: App [webhooks:0] online
2023-11-12T14:03:52: PM2 log: App [webhooks:0] exited with code [1] via signal [SIGINT]
2023-11-12T14:03:52: PM2 log: App [webhooks:0] starting in -fork mode-
2023-11-12T14:03:52: PM2 log: App [webhooks:0] online
2023-11-12T14:03:52: PM2 log: App [webhooks:0] exited with code [1] via signal [SIGINT]
2023-11-12T14:03:52: PM2 log: App [webhooks:0] starting in -fork mode-
2023-11-12T14:03:52: PM2 log: App [webhooks:0] online
2023-11-12T14:03:52: PM2 log: App [webhooks:0] exited with code [1] via signal [SIGINT]
2023-11-12T14:03:52: PM2 log: App [webhooks:0] starting in -fork mode-
2023-11-12T14:03:52: PM2 log: App [webhooks:0] online
2023-11-12T14:03:53: PM2 log: App [webhooks:0] exited with code [1] via signal [SIGINT]
2023-11-12T14:03:53: PM2 log: App [webhooks:0] starting in -fork mode-
2023-11-12T14:03:53: PM2 log: App [webhooks:0] online
2023-11-12T14:03:53: PM2 log: App [webhooks:0] exited with code [1] via signal [SIGINT]
2023-11-12T14:03:53: PM2 log: Script /home/rbf070962/github-webhooks/webhooks.py had too many unstable restarts (16). Stopped. "errored"
2023-11-12T14:04:45: PM2 log: [Watch] Start watching tcp-receiver
2023-11-12T14:04:45: PM2 log: App [tcp-receiver:1] starting in -fork mode-
2023-11-12T14:04:45: PM2 log: App [tcp-receiver:1] online
2023-11-12T14:05:09: PM2 log: [Watch] Stop watching webhooks
2023-11-12T14:05:09: PM2 log: Stopping app:webhooks id:0
2023-11-12T14:05:09: PM2 error: app=webhooks id=0 does not have a pid
2023-11-12T14:05:54: PM2 log: [Watch] Start watching webhooks
2023-11-12T14:05:54: PM2 log: App [webhooks:2] starting in -fork mode-
2023-11-12T14:05:54: PM2 log: App [webhooks:2] online
2023-11-12T14:05:54: PM2 log: App [webhooks:2] exited with code [1] via signal [SIGINT]
2023-11-12T14:05:54: PM2 log: App [webhooks:2] starting in -fork mode-
2023-11-12T14:05:54: PM2 log: App [webhooks:2] online
2023-11-12T14:05:54: PM2 log: App [webhooks:2] exited with code [1] via signal [SIGINT]
2023-11-12T14:05:54: PM2 log: App [webhooks:2] starting in -fork mode-
2023-11-12T14:05:54: PM2 log: App [webhooks:2] online
2023-11-12T14:05:54: PM2 log: App [webhooks:2] exited with code [1] via signal [SIGINT]
2023-11-12T14:05:54: PM2 log: App [webhooks:2] starting in -fork mode-
2023-11-12T14:05:54: PM2 log: App [webhooks:2] online
2023-11-12T14:05:55: PM2 log: App [webhooks:2] exited with code [1] via signal [SIGINT]
2023-11-12T14:05:55: PM2 log: App [webhooks:2] starting in -fork mode-
2023-11-12T14:05:55: PM2 log: App [webhooks:2] online
2023-11-12T14:05:55: PM2 log: App [webhooks:2] exited with code [1] via signal [SIGINT]
2023-11-12T14:05:55: PM2 log: App [webhooks:2] starting in -fork mode-
2023-11-12T14:05:55: PM2 log: App [webhooks:2] online
2023-11-12T14:05:55: PM2 log: App [webhooks:2] exited with code [1] via signal [SIGINT]
2023-11-12T14:05:55: PM2 log: App [webhooks:2] starting in -fork mode-
2023-11-12T14:05:55: PM2 log: App [webhooks:2] online
2023-11-12T14:05:56: PM2 log: App [webhooks:2] exited with code [1] via signal [SIGINT]
2023-11-12T14:05:56: PM2 log: App [webhooks:2] starting in -fork mode-
2023-11-12T14:05:56: PM2 log: App [webhooks:2] online
2023-11-12T14:05:56: PM2 log: App [webhooks:2] exited with code [1] via signal [SIGINT]
2023-11-12T14:05:56: PM2 log: App [webhooks:2] starting in -fork mode-
2023-11-12T14:05:56: PM2 log: App [webhooks:2] online
2023-11-12T14:05:56: PM2 log: App [webhooks:2] exited with code [1] via signal [SIGINT]
2023-11-12T14:05:56: PM2 log: App [webhooks:2] starting in -fork mode-
2023-11-12T14:05:56: PM2 log: App [webhooks:2] online
2023-11-12T14:05:56: PM2 log: App [webhooks:2] exited with code [1] via signal [SIGINT]
2023-11-12T14:05:56: PM2 log: App [webhooks:2] starting in -fork mode-
2023-11-12T14:05:56: PM2 log: App [webhooks:2] online
2023-11-12T14:05:57: PM2 log: App [webhooks:2] exited with code [1] via signal [SIGINT]
2023-11-12T14:05:57: PM2 log: App [webhooks:2] starting in -fork mode-
2023-11-12T14:05:57: PM2 log: App [webhooks:2] online
2023-11-12T14:05:57: PM2 log: App [webhooks:2] exited with code [1] via signal [SIGINT]
2023-11-12T14:05:57: PM2 log: App [webhooks:2] starting in -fork mode-
2023-11-12T14:05:57: PM2 log: App [webhooks:2] online
2023-11-12T14:05:57: PM2 log: App [webhooks:2] exited with code [1] via signal [SIGINT]
2023-11-12T14:05:57: PM2 log: App [webhooks:2] starting in -fork mode-
2023-11-12T14:05:57: PM2 log: App [webhooks:2] online
2023-11-12T14:05:58: PM2 log: App [webhooks:2] exited with code [1] via signal [SIGINT]
2023-11-12T14:05:58: PM2 log: App [webhooks:2] starting in -fork mode-
2023-11-12T14:05:58: PM2 log: App [webhooks:2] online
2023-11-12T14:05:58: PM2 log: App [webhooks:2] exited with code [1] via signal [SIGINT]
2023-11-12T14:05:58: PM2 log: App [webhooks:2] starting in -fork mode-
2023-11-12T14:05:58: PM2 log: App [webhooks:2] online
2023-11-12T14:05:58: PM2 log: App [webhooks:2] exited with code [1] via signal [SIGINT]
2023-11-12T14:05:58: PM2 log: Script /home/rbf070962/github-webhooks/webhooks.py had too many unstable restarts (16). Stopped. "errored"
2023-11-12T14:07:55: PM2 log: [Watch] Stop watching tcp-receiver
2023-11-12T14:07:55: PM2 log: Stopping app:tcp-receiver id:1
2023-11-12T14:07:55: PM2 log: App [tcp-receiver:1] exited with code [0] via signal [SIGINT]
2023-11-12T14:07:56: PM2 log: pid=15042 msg=process killed
2023-11-12T14:08:00: PM2 log: [Watch] Stop watching webhooks
2023-11-12T14:08:00: PM2 log: Stopping app:webhooks id:2
2023-11-12T14:08:00: PM2 error: app=webhooks id=2 does not have a pid
2023-11-12T14:08:20: PM2 log: [Watch] Start watching webhooks
2023-11-12T14:08:20: PM2 log: App [webhooks:0] starting in -fork mode-
2023-11-12T14:08:20: PM2 log: App [webhooks:0] online
2023-11-12T14:08:20: PM2 log: App [webhooks:0] exited with code [1] via signal [SIGINT]
2023-11-12T14:08:20: PM2 log: App [webhooks:0] starting in -fork mode-
2023-11-12T14:08:20: PM2 log: App [webhooks:0] online
2023-11-12T14:08:21: PM2 log: App [webhooks:0] exited with code [1] via signal [SIGINT]
2023-11-12T14:08:21: PM2 log: App [webhooks:0] starting in -fork mode-
2023-11-12T14:08:21: PM2 log: App [webhooks:0] online
2023-11-12T14:08:21: PM2 log: App [webhooks:0] exited with code [1] via signal [SIGINT]
2023-11-12T14:08:21: PM2 log: App [webhooks:0] starting in -fork mode-
2023-11-12T14:08:21: PM2 log: App [webhooks:0] online
2023-11-12T14:08:21: PM2 log: App [webhooks:0] exited with code [1] via signal [SIGINT]
2023-11-12T14:08:21: PM2 log: App [webhooks:0] starting in -fork mode-
2023-11-12T14:08:21: PM2 log: App [webhooks:0] online
2023-11-12T14:08:21: PM2 log: App [webhooks:0] exited with code [1] via signal [SIGINT]
2023-11-12T14:08:21: PM2 log: App [webhooks:0] starting in -fork mode-
2023-11-12T14:08:21: PM2 log: App [webhooks:0] online
2023-11-12T14:08:22: PM2 log: App [webhooks:0] exited with code [1] via signal [SIGINT]
2023-11-12T14:08:22: PM2 log: App [webhooks:0] starting in -fork mode-
2023-11-12T14:08:22: PM2 log: App [webhooks:0] online
2023-11-12T14:08:22: PM2 log: App [webhooks:0] exited with code [1] via signal [SIGINT]
2023-11-12T14:08:22: PM2 log: App [webhooks:0] starting in -fork mode-
2023-11-12T14:08:22: PM2 log: App [webhooks:0] online
2023-11-12T14:08:22: PM2 log: App [webhooks:0] exited with code [1] via signal [SIGINT]
2023-11-12T14:08:22: PM2 log: App [webhooks:0] starting in -fork mode-
2023-11-12T14:08:22: PM2 log: App [webhooks:0] online
2023-11-12T14:08:23: PM2 log: App [webhooks:0] exited with code [1] via signal [SIGINT]
2023-11-12T14:08:23: PM2 log: App [webhooks:0] starting in -fork mode-
2023-11-12T14:08:23: PM2 log: App [webhooks:0] online
2023-11-12T14:08:23: PM2 log: App [webhooks:0] exited with code [1] via signal [SIGINT]
2023-11-12T14:08:23: PM2 log: App [webhooks:0] starting in -fork mode-
2023-11-12T14:08:23: PM2 log: App [webhooks:0] online
2023-11-12T14:08:23: PM2 log: App [webhooks:0] exited with code [1] via signal [SIGINT]
2023-11-12T14:08:23: PM2 log: App [webhooks:0] starting in -fork mode-
2023-11-12T14:08:23: PM2 log: App [webhooks:0] online
2023-11-12T14:08:23: PM2 log: App [webhooks:0] exited with code [1] via signal [SIGINT]
2023-11-12T14:08:23: PM2 log: App [webhooks:0] starting in -fork mode-
2023-11-12T14:08:23: PM2 log: App [webhooks:0] online
2023-11-12T14:08:24: PM2 log: App [webhooks:0] exited with code [1] via signal [SIGINT]
2023-11-12T14:08:24: PM2 log: App [webhooks:0] starting in -fork mode-
2023-11-12T14:08:24: PM2 log: App [webhooks:0] online
2023-11-12T14:08:24: PM2 log: App [webhooks:0] exited with code [1] via signal [SIGINT]
2023-11-12T14:08:24: PM2 log: App [webhooks:0] starting in -fork mode-
2023-11-12T14:08:24: PM2 log: App [webhooks:0] online
2023-11-12T14:08:25: PM2 log: App [webhooks:0] exited with code [1] via signal [SIGINT]
2023-11-12T14:08:25: PM2 log: App [webhooks:0] starting in -fork mode-
2023-11-12T14:08:25: PM2 log: App [webhooks:0] online
2023-11-12T14:08:25: PM2 log: App [webhooks:0] exited with code [1] via signal [SIGINT]
2023-11-12T14:08:25: PM2 log: Script /home/rbf070962/github-webhooks/webhooks.py had too many unstable restarts (16). Stopped. "errored"
2023-11-12T14:08:42: PM2 log: App [webhooks:0] starting in -fork mode-
2023-11-12T14:08:42: PM2 log: App [webhooks:0] online
2023-11-12T14:08:43: PM2 log: App [webhooks:0] exited with code [1] via signal [SIGINT]
2023-11-12T14:08:43: PM2 log: App [webhooks:0] starting in -fork mode-
2023-11-12T14:08:43: PM2 log: App [webhooks:0] online
2023-11-12T14:08:43: PM2 log: App [webhooks:0] exited with code [1] via signal [SIGINT]
2023-11-12T14:08:43: PM2 log: App [webhooks:0] starting in -fork mode-
2023-11-12T14:08:43: PM2 log: App [webhooks:0] online
2023-11-12T14:08:43: PM2 log: App [webhooks:0] exited with code [1] via signal [SIGINT]
2023-11-12T14:08:43: PM2 log: App [webhooks:0] starting in -fork mode-
2023-11-12T14:08:43: PM2 log: App [webhooks:0] online
2023-11-12T14:08:43: PM2 log: App [webhooks:0] exited with code [1] via signal [SIGINT]
2023-11-12T14:08:43: PM2 log: App [webhooks:0] starting in -fork mode-
2023-11-12T14:08:43: PM2 log: App [webhooks:0] online
2023-11-12T14:08:44: PM2 log: App [webhooks:0] exited with code [1] via signal [SIGINT]
2023-11-12T14:08:44: PM2 log: App [webhooks:0] starting in -fork mode-
2023-11-12T14:08:44: PM2 log: App [webhooks:0] online
2023-11-12T14:08:44: PM2 log: App [webhooks:0] exited with code [1] via signal [SIGINT]
2023-11-12T14:08:44: PM2 log: App [webhooks:0] starting in -fork mode-
2023-11-12T14:08:44: PM2 log: App [webhooks:0] online
2023-11-12T14:08:44: PM2 log: App [webhooks:0] exited with code [1] via signal [SIGINT]
2023-11-12T14:08:44: PM2 log: App [webhooks:0] starting in -fork mode-
2023-11-12T14:08:44: PM2 log: App [webhooks:0] online
2023-11-12T14:08:45: PM2 log: App [webhooks:0] exited with code [1] via signal [SIGINT]
2023-11-12T14:08:45: PM2 log: App [webhooks:0] starting in -fork mode-
2023-11-12T14:08:45: PM2 log: App [webhooks:0] online
2023-11-12T14:08:45: PM2 log: App [webhooks:0] exited with code [1] via signal [SIGINT]
2023-11-12T14:08:45: PM2 log: App [webhooks:0] starting in -fork mode-
2023-11-12T14:08:45: PM2 log: App [webhooks:0] online
2023-11-12T14:08:45: PM2 log: App [webhooks:0] exited with code [1] via signal [SIGINT]
2023-11-12T14:08:45: PM2 log: App [webhooks:0] starting in -fork mode-
2023-11-12T14:08:45: PM2 log: App [webhooks:0] online
2023-11-12T14:08:45: PM2 log: App [webhooks:0] exited with code [1] via signal [SIGINT]
2023-11-12T14:08:45: PM2 log: App [webhooks:0] starting in -fork mode-
2023-11-12T14:08:45: PM2 log: App [webhooks:0] online
2023-11-12T14:08:46: PM2 log: App [webhooks:0] exited with code [1] via signal [SIGINT]
2023-11-12T14:08:46: PM2 log: App [webhooks:0] starting in -fork mode-
2023-11-12T14:08:46: PM2 log: App [webhooks:0] online
2023-11-12T14:08:46: PM2 log: App [webhooks:0] exited with code [1] via signal [SIGINT]
2023-11-12T14:08:46: PM2 log: App [webhooks:0] starting in -fork mode-
2023-11-12T14:08:46: PM2 log: App [webhooks:0] online
2023-11-12T14:08:46: PM2 log: App [webhooks:0] exited with code [1] via signal [SIGINT]
2023-11-12T14:08:46: PM2 log: App [webhooks:0] starting in -fork mode-
2023-11-12T14:08:46: PM2 log: App [webhooks:0] online
2023-11-12T14:08:47: PM2 log: App [webhooks:0] exited with code [1] via signal [SIGINT]
2023-11-12T14:08:47: PM2 log: App [webhooks:0] starting in -fork mode-
2023-11-12T14:08:47: PM2 log: App [webhooks:0] online
2023-11-12T14:08:47: PM2 log: App [webhooks:0] exited with code [1] via signal [SIGINT]
2023-11-12T14:08:47: PM2 log: Script /home/rbf070962/github-webhooks/webhooks.py had too many unstable restarts (16). Stopped. "errored"
2023-11-12T14:09:15: PM2 log: App [webhooks:0] starting in -fork mode-
2023-11-12T14:09:15: PM2 log: App [webhooks:0] online
2023-11-12T14:09:15: PM2 log: App [webhooks:0] exited with code [1] via signal [SIGINT]
2023-11-12T14:09:15: PM2 log: App [webhooks:0] starting in -fork mode-
2023-11-12T14:09:15: PM2 log: App [webhooks:0] online
2023-11-12T14:09:15: PM2 log: App [webhooks:0] exited with code [1] via signal [SIGINT]
2023-11-12T14:09:15: PM2 log: App [webhooks:0] starting in -fork mode-
2023-11-12T14:09:15: PM2 log: App [webhooks:0] online
2023-11-12T14:09:16: PM2 log: App [webhooks:0] exited with code [1] via signal [SIGINT]
2023-11-12T14:09:16: PM2 log: App [webhooks:0] starting in -fork mode-
2023-11-12T14:09:16: PM2 log: App [webhooks:0] online
2023-11-12T14:09:16: PM2 log: App [webhooks:0] exited with code [1] via signal [SIGINT]
2023-11-12T14:09:16: PM2 log: App [webhooks:0] starting in -fork mode-
2023-11-12T14:09:16: PM2 log: App [webhooks:0] online
2023-11-12T14:09:16: PM2 log: App [webhooks:0] exited with code [1] via signal [SIGINT]
2023-11-12T14:09:16: PM2 log: App [webhooks:0] starting in -fork mode-
2023-11-12T14:09:16: PM2 log: App [webhooks:0] online
2023-11-12T14:09:16: PM2 log: App [webhooks:0] exited with code [1] via signal [SIGINT]
2023-11-12T14:09:16: PM2 log: App [webhooks:0] starting in -fork mode-
2023-11-12T14:09:16: PM2 log: App [webhooks:0] online
2023-11-12T14:09:17: PM2 log: App [webhooks:0] exited with code [1] via signal [SIGINT]
2023-11-12T14:09:17: PM2 log: App [webhooks:0] starting in -fork mode-
2023-11-12T14:09:17: PM2 log: App [webhooks:0] online
2023-11-12T14:09:17: PM2 log: App [webhooks:0] exited with code [1] via signal [SIGINT]
2023-11-12T14:09:17: PM2 log: App [webhooks:0] starting in -fork mode-
2023-11-12T14:09:17: PM2 log: App [webhooks:0] online
2023-11-12T14:09:17: PM2 log: App [webhooks:0] exited with code [1] via signal [SIGINT]
2023-11-12T14:09:17: PM2 log: App [webhooks:0] starting in -fork mode-
2023-11-12T14:09:17: PM2 log: App [webhooks:0] online
2023-11-12T14:09:18: PM2 log: App [webhooks:0] exited with code [1] via signal [SIGINT]
2023-11-12T14:09:18: PM2 log: App [webhooks:0] starting in -fork mode-
2023-11-12T14:09:18: PM2 log: App [webhooks:0] online
2023-11-12T14:09:18: PM2 log: App [webhooks:0] exited with code [1] via signal [SIGINT]
2023-11-12T14:09:18: PM2 log: App [webhooks:0] starting in -fork mode-
2023-11-12T14:09:18: PM2 log: App [webhooks:0] online
2023-11-12T14:09:18: PM2 log: App [webhooks:0] exited with code [1] via signal [SIGINT]
2023-11-12T14:09:18: PM2 log: App [webhooks:0] starting in -fork mode-
2023-11-12T14:09:18: PM2 log: App [webhooks:0] online
2023-11-12T14:09:19: PM2 log: App [webhooks:0] exited with code [1] via signal [SIGINT]
2023-11-12T14:09:19: PM2 log: App [webhooks:0] starting in -fork mode-
2023-11-12T14:09:19: PM2 log: App [webhooks:0] online
2023-11-12T14:09:19: PM2 log: App [webhooks:0] exited with code [1] via signal [SIGINT]
2023-11-12T14:09:19: PM2 log: App [webhooks:0] starting in -fork mode-
2023-11-12T14:09:19: PM2 log: App [webhooks:0] online
2023-11-12T14:09:19: PM2 log: App [webhooks:0] exited with code [1] via signal [SIGINT]
2023-11-12T14:09:19: PM2 log: App [webhooks:0] starting in -fork mode-
2023-11-12T14:09:19: PM2 log: App [webhooks:0] online
2023-11-12T14:09:20: PM2 log: App [webhooks:0] exited with code [1] via signal [SIGINT]
2023-11-12T14:09:20: PM2 log: Script /home/rbf070962/github-webhooks/webhooks.py had too many unstable restarts (16). Stopped. "errored"
2023-11-12T14:10:20: PM2 log: [Watch] Stop watching webhooks
2023-11-12T14:10:20: PM2 log: App [webhooks:0] starting in -fork mode-
2023-11-12T14:10:20: PM2 log: App [webhooks:0] online
2023-11-12T14:10:20: PM2 log: App [webhooks:0] exited with code [1] via signal [SIGINT]
2023-11-12T14:10:20: PM2 log: App [webhooks:0] starting in -fork mode-
2023-11-12T14:10:20: PM2 log: App [webhooks:0] online
2023-11-12T14:10:20: PM2 log: App [webhooks:0] exited with code [1] via signal [SIGINT]
2023-11-12T14:10:20: PM2 log: App [webhooks:0] starting in -fork mode-
2023-11-12T14:10:20: PM2 log: App [webhooks:0] online
2023-11-12T14:10:20: PM2 log: App [webhooks:0] exited with code [1] via signal [SIGINT]
2023-11-12T14:10:20: PM2 log: App [webhooks:0] starting in -fork mode-
2023-11-12T14:10:20: PM2 log: App [webhooks:0] online
2023-11-12T14:10:21: PM2 log: App [webhooks:0] exited with code [1] via signal [SIGINT]
2023-11-12T14:10:21: PM2 log: App [webhooks:0] starting in -fork mode-
2023-11-12T14:10:21: PM2 log: App [webhooks:0] online
2023-11-12T14:10:21: PM2 log: App [webhooks:0] exited with code [1] via signal [SIGINT]
2023-11-12T14:10:21: PM2 log: App [webhooks:0] starting in -fork mode-
2023-11-12T14:10:21: PM2 log: App [webhooks:0] online
2023-11-12T14:10:21: PM2 log: App [webhooks:0] exited with code [1] via signal [SIGINT]
2023-11-12T14:10:21: PM2 log: App [webhooks:0] starting in -fork mode-
2023-11-12T14:10:21: PM2 log: App [webhooks:0] online
2023-11-12T14:10:22: PM2 log: App [webhooks:0] exited with code [1] via signal [SIGINT]
2023-11-12T14:10:22: PM2 log: App [webhooks:0] starting in -fork mode-
2023-11-12T14:10:22: PM2 log: App [webhooks:0] online
2023-11-12T14:10:22: PM2 log: App [webhooks:0] exited with code [1] via signal [SIGINT]
2023-11-12T14:10:22: PM2 log: App [webhooks:0] starting in -fork mode-
2023-11-12T14:10:22: PM2 log: App [webhooks:0] online
2023-11-12T14:10:22: PM2 log: App [webhooks:0] exited with code [1] via signal [SIGINT]
2023-11-12T14:10:22: PM2 log: App [webhooks:0] starting in -fork mode-
2023-11-12T14:10:22: PM2 log: App [webhooks:0] online
2023-11-12T14:10:23: PM2 log: App [webhooks:0] exited with code [1] via signal [SIGINT]
2023-11-12T14:10:23: PM2 log: App [webhooks:0] starting in -fork mode-
2023-11-12T14:10:23: PM2 log: App [webhooks:0] online
2023-11-12T14:10:23: PM2 log: App [webhooks:0] exited with code [1] via signal [SIGINT]
2023-11-12T14:10:23: PM2 log: App [webhooks:0] starting in -fork mode-
2023-11-12T14:10:23: PM2 log: App [webhooks:0] online
2023-11-12T14:10:23: PM2 log: App [webhooks:0] exited with code [1] via signal [SIGINT]
2023-11-12T14:10:23: PM2 log: App [webhooks:0] starting in -fork mode-
2023-11-12T14:10:23: PM2 log: App [webhooks:0] online
2023-11-12T14:10:24: PM2 log: App [webhooks:0] exited with code [1] via signal [SIGINT]
2023-11-12T14:10:24: PM2 log: App [webhooks:0] starting in -fork mode-
2023-11-12T14:10:24: PM2 log: App [webhooks:0] online
2023-11-12T14:10:24: PM2 log: App [webhooks:0] exited with code [1] via signal [SIGINT]
2023-11-12T14:10:24: PM2 log: App [webhooks:0] starting in -fork mode-
2023-11-12T14:10:24: PM2 log: App [webhooks:0] online
2023-11-12T14:10:24: PM2 log: App [webhooks:0] exited with code [1] via signal [SIGINT]
2023-11-12T14:10:24: PM2 log: App [webhooks:0] starting in -fork mode-
2023-11-12T14:10:24: PM2 log: App [webhooks:0] online
2023-11-12T14:10:24: PM2 log: App [webhooks:0] exited with code [1] via signal [SIGINT]
2023-11-12T14:10:24: PM2 log: Script /home/rbf070962/github-webhooks/webhooks.py had too many unstable restarts (16). Stopped. "errored"
2023-11-12T14:12:47: PM2 log: App [webhooks:0] starting in -fork mode-
2023-11-12T14:12:47: PM2 log: App [webhooks:0] online
2023-11-12T14:12:48: PM2 log: App [webhooks:0] exited with code [1] via signal [SIGINT]
2023-11-12T14:12:48: PM2 log: App [webhooks:0] starting in -fork mode-
2023-11-12T14:12:48: PM2 log: App [webhooks:0] online
2023-11-12T14:12:48: PM2 log: App [webhooks:0] exited with code [1] via signal [SIGINT]
2023-11-12T14:12:48: PM2 log: App [webhooks:0] starting in -fork mode-
2023-11-12T14:12:48: PM2 log: App [webhooks:0] online
2023-11-12T14:12:48: PM2 log: App [webhooks:0] exited with code [1] via signal [SIGINT]
2023-11-12T14:12:48: PM2 log: App [webhooks:0] starting in -fork mode-
2023-11-12T14:12:48: PM2 log: App [webhooks:0] online
2023-11-12T14:12:48: PM2 log: App [webhooks:0] exited with code [1] via signal [SIGINT]
2023-11-12T14:12:48: PM2 log: App [webhooks:0] starting in -fork mode-
2023-11-12T14:12:48: PM2 log: App [webhooks:0] online
2023-11-12T14:12:49: PM2 log: App [webhooks:0] exited with code [1] via signal [SIGINT]
2023-11-12T14:12:49: PM2 log: App [webhooks:0] starting in -fork mode-
2023-11-12T14:12:49: PM2 log: App [webhooks:0] online
2023-11-12T14:12:49: PM2 log: App [webhooks:0] exited with code [1] via signal [SIGINT]
2023-11-12T14:12:49: PM2 log: App [webhooks:0] starting in -fork mode-
2023-11-12T14:12:49: PM2 log: App [webhooks:0] online
2023-11-12T14:12:49: PM2 log: App [webhooks:0] exited with code [1] via signal [SIGINT]
2023-11-12T14:12:49: PM2 log: App [webhooks:0] starting in -fork mode-
2023-11-12T14:12:49: PM2 log: App [webhooks:0] online
2023-11-12T14:12:50: PM2 log: App [webhooks:0] exited with code [1] via signal [SIGINT]
2023-11-12T14:12:50: PM2 log: App [webhooks:0] starting in -fork mode-
2023-11-12T14:12:50: PM2 log: App [webhooks:0] online
2023-11-12T14:12:50: PM2 log: App [webhooks:0] exited with code [1] via signal [SIGINT]
2023-11-12T14:12:50: PM2 log: App [webhooks:0] starting in -fork mode-
2023-11-12T14:12:50: PM2 log: App [webhooks:0] online
2023-11-12T14:12:50: PM2 log: App [webhooks:0] exited with code [1] via signal [SIGINT]
2023-11-12T14:12:50: PM2 log: App [webhooks:0] starting in -fork mode-
2023-11-12T14:12:50: PM2 log: App [webhooks:0] online
2023-11-12T14:12:51: PM2 log: App [webhooks:0] exited with code [1] via signal [SIGINT]
2023-11-12T14:12:51: PM2 log: App [webhooks:0] starting in -fork mode-
2023-11-12T14:12:51: PM2 log: App [webhooks:0] online
2023-11-12T14:12:51: PM2 log: App [webhooks:0] exited with code [1] via signal [SIGINT]
2023-11-12T14:12:51: PM2 log: App [webhooks:0] starting in -fork mode-
2023-11-12T14:12:51: PM2 log: App [webhooks:0] online
2023-11-12T14:12:51: PM2 log: App [webhooks:0] exited with code [1] via signal [SIGINT]
2023-11-12T14:12:51: PM2 log: App [webhooks:0] starting in -fork mode-
2023-11-12T14:12:51: PM2 log: App [webhooks:0] online
2023-11-12T14:12:52: PM2 log: App [webhooks:0] exited with code [1] via signal [SIGINT]
2023-11-12T14:12:52: PM2 log: App [webhooks:0] starting in -fork mode-
2023-11-12T14:12:52: PM2 log: App [webhooks:0] online
2023-11-12T14:12:52: PM2 log: App [webhooks:0] exited with code [1] via signal [SIGINT]
2023-11-12T14:12:52: PM2 log: App [webhooks:0] starting in -fork mode-
2023-11-12T14:12:52: PM2 log: App [webhooks:0] online
2023-11-12T14:12:52: PM2 log: App [webhooks:0] exited with code [1] via signal [SIGINT]
2023-11-12T14:12:52: PM2 log: Script /home/rbf070962/github-webhooks/webhooks.py had too many unstable restarts (16). Stopped. "errored"
2023-11-12T14:14:09: PM2 log: [Watch] Start watching webhooks
2023-11-12T14:14:09: PM2 log: App [webhooks:0] starting in -fork mode-
2023-11-12T14:14:09: PM2 log: App [webhooks:0] online
2023-11-12T14:14:09: PM2 log: App [webhooks:0] exited with code [1] via signal [SIGINT]
2023-11-12T14:14:09: PM2 log: App [webhooks:0] starting in -fork mode-
2023-11-12T14:14:09: PM2 log: App [webhooks:0] online
2023-11-12T14:14:10: PM2 log: App [webhooks:0] exited with code [1] via signal [SIGINT]
2023-11-12T14:14:10: PM2 log: App [webhooks:0] starting in -fork mode-
2023-11-12T14:14:10: PM2 log: App [webhooks:0] online
2023-11-12T14:14:10: PM2 log: App [webhooks:0] exited with code [1] via signal [SIGINT]
2023-11-12T14:14:10: PM2 log: App [webhooks:0] starting in -fork mode-
2023-11-12T14:14:10: PM2 log: App [webhooks:0] online
2023-11-12T14:14:10: PM2 log: App [webhooks:0] exited with code [1] via signal [SIGINT]
2023-11-12T14:14:10: PM2 log: App [webhooks:0] starting in -fork mode-
2023-11-12T14:14:10: PM2 log: App [webhooks:0] online
2023-11-12T14:14:11: PM2 log: App [webhooks:0] exited with code [1] via signal [SIGINT]
2023-11-12T14:14:11: PM2 log: App [webhooks:0] starting in -fork mode-
2023-11-12T14:14:11: PM2 log: App [webhooks:0] online
2023-11-12T14:14:11: PM2 log: App [webhooks:0] exited with code [1] via signal [SIGINT]
2023-11-12T14:14:11: PM2 log: App [webhooks:0] starting in -fork mode-
2023-11-12T14:14:11: PM2 log: App [webhooks:0] online
2023-11-12T14:14:11: PM2 log: App [webhooks:0] exited with code [1] via signal [SIGINT]
2023-11-12T14:14:11: PM2 log: App [webhooks:0] starting in -fork mode-
2023-11-12T14:14:11: PM2 log: App [webhooks:0] online
2023-11-12T14:14:11: PM2 log: App [webhooks:0] exited with code [1] via signal [SIGINT]
2023-11-12T14:14:11: PM2 log: App [webhooks:0] starting in -fork mode-
2023-11-12T14:14:11: PM2 log: App [webhooks:0] online
2023-11-12T14:14:12: PM2 log: App [webhooks:0] exited with code [1] via signal [SIGINT]
2023-11-12T14:14:12: PM2 log: App [webhooks:0] starting in -fork mode-
2023-11-12T14:14:12: PM2 log: App [webhooks:0] online
2023-11-12T14:14:12: PM2 log: App [webhooks:0] exited with code [1] via signal [SIGINT]
2023-11-12T14:14:12: PM2 log: App [webhooks:0] starting in -fork mode-
2023-11-12T14:14:12: PM2 log: App [webhooks:0] online
2023-11-12T14:14:12: PM2 log: App [webhooks:0] exited with code [1] via signal [SIGINT]
2023-11-12T14:14:12: PM2 log: App [webhooks:0] starting in -fork mode-
2023-11-12T14:14:12: PM2 log: App [webhooks:0] online
2023-11-12T14:14:13: PM2 log: App [webhooks:0] exited with code [1] via signal [SIGINT]
2023-11-12T14:14:13: PM2 log: App [webhooks:0] starting in -fork mode-
2023-11-12T14:14:13: PM2 log: App [webhooks:0] online
2023-11-12T14:14:13: PM2 log: App [webhooks:0] exited with code [1] via signal [SIGINT]
2023-11-12T14:14:13: PM2 log: App [webhooks:0] starting in -fork mode-
2023-11-12T14:14:13: PM2 log: App [webhooks:0] online
2023-11-12T14:14:13: PM2 log: App [webhooks:0] exited with code [1] via signal [SIGINT]
2023-11-12T14:14:13: PM2 log: App [webhooks:0] starting in -fork mode-
2023-11-12T14:14:13: PM2 log: App [webhooks:0] online
2023-11-12T14:14:14: PM2 log: App [webhooks:0] exited with code [1] via signal [SIGINT]
2023-11-12T14:14:14: PM2 log: App [webhooks:0] starting in -fork mode-
2023-11-12T14:14:14: PM2 log: App [webhooks:0] online
2023-11-12T14:14:14: PM2 log: App [webhooks:0] exited with code [1] via signal [SIGINT]
2023-11-12T14:14:14: PM2 log: Script /home/rbf070962/github-webhooks/webhooks.py had too many unstable restarts (16). Stopped. "errored"
2023-11-12T14:16:11: PM2 log: [Watch] Stop watching webhooks
2023-11-12T14:16:11: PM2 log: App [webhooks:0] starting in -fork mode-
2023-11-12T14:16:11: PM2 log: App [webhooks:0] online
2023-11-12T14:17:31: PM2 log: [Watch] Start watching tcp-server
2023-11-12T14:17:31: PM2 log: App [tcp-server:1] starting in -fork mode-
2023-11-12T14:17:31: PM2 log: App [tcp-server:1] online
